[ 2016-07-08T09:59:19+08:00 ] ::1 /
INFO: [ app_init ] --START--
INFO: Run Behavior\BuildLiteBehavior [ RunTime:0.000000s ]
INFO: [ app_init ] --END-- [ RunTime:0.001000s ]
INFO: [ app_begin ] --START--
INFO: Run Behavior\ReadHtmlCacheBehavior [ RunTime:0.001000s ]
INFO: [ app_begin ] --END-- [ RunTime:0.001000s ]
NOTIC: [8] Undefined index: client_id D:\31day\web\Application\Home\Controller\IndexController.class.php 第 9 行.
NOTIC: [8] Undefined index: api_token D:\31day\web\Application\Home\Controller\IndexController.class.php 第 10 行.
NOTIC: [8] Undefined index: user_token D:\31day\web\Application\Home\Controller\IndexController.class.php 第 11 行.
NOTIC: [8] Undefined index: mod D:\31day\web\Application\Home\Controller\IndexController.class.php 第 17 行.
NOTIC: [8] Undefined index: ctr D:\31day\web\Application\Home\Controller\IndexController.class.php 第 18 行.
NOTIC: [8] Undefined index: act D:\31day\web\Application\Home\Controller\IndexController.class.php 第 19 行.
SQL: SHOW COLUMNS FROM `pre_user` [ RunTime:0.169009s ]
SQL: SELECT `id`,`cid`,`groupid`,`username`,`nickname`,`cellphone`,`work` FROM `pre_user` WHERE ( id=1 and status = 10  ) LIMIT 1   [ RunTime:0.170009s ]

[ 2016-07-08T09:59:21+08:00 ] ::1 /
INFO: [ app_init ] --START--
INFO: Run Behavior\BuildLiteBehavior [ RunTime:0.000000s ]
INFO: [ app_init ] --END-- [ RunTime:0.002000s ]
INFO: [ app_begin ] --START--
INFO: Run Behavior\ReadHtmlCacheBehavior [ RunTime:0.002000s ]
INFO: [ app_begin ] --END-- [ RunTime:0.002000s ]
NOTIC: [8] Undefined index: client_id D:\31day\web\Application\Home\Controller\IndexController.class.php 第 9 行.
NOTIC: [8] Undefined index: api_token D:\31day\web\Application\Home\Controller\IndexController.class.php 第 10 行.
NOTIC: [8] Undefined index: user_token D:\31day\web\Application\Home\Controller\IndexController.class.php 第 11 行.
NOTIC: [8] Undefined index: mod D:\31day\web\Application\Home\Controller\IndexController.class.php 第 17 行.
NOTIC: [8] Undefined index: ctr D:\31day\web\Application\Home\Controller\IndexController.class.php 第 18 行.
NOTIC: [8] Undefined index: act D:\31day\web\Application\Home\Controller\IndexController.class.php 第 19 行.
SQL: SHOW COLUMNS FROM `pre_user` [ RunTime:0.171010s ]
SQL: SELECT `id`,`cid`,`groupid`,`username`,`nickname`,`cellphone`,`work` FROM `pre_user` WHERE ( id=1 and status = 10  ) LIMIT 1   [ RunTime:0.572033s ]

[ 2016-07-08T10:13:05+08:00 ] 127.0.0.1 /index.php/Home/Index/hx_register
INFO: [ app_init ] --START--
INFO: Run Behavior\BuildLiteBehavior [ RunTime:0.000000s ]
INFO: [ app_init ] --END-- [ RunTime:0.001000s ]
INFO: [ app_begin ] --START--
INFO: Run Behavior\ReadHtmlCacheBehavior [ RunTime:0.001000s ]
INFO: [ app_begin ] --END-- [ RunTime:0.001000s ]
ERR: 非法操作:hx_register

[ 2016-07-08T10:14:20+08:00 ] 127.0.0.1 /index.php/Home/Index/hx_register
INFO: [ app_init ] --START--
INFO: Run Behavior\BuildLiteBehavior [ RunTime:0.000000s ]
INFO: [ app_init ] --END-- [ RunTime:0.001000s ]
INFO: [ app_begin ] --START--
INFO: Run Behavior\ReadHtmlCacheBehavior [ RunTime:0.000000s ]
INFO: [ app_begin ] --END-- [ RunTime:0.000000s ]
ERR: 非法操作:hx_register

[ 2016-07-08T10:14:53+08:00 ] 127.0.0.1 /index.php/Home/Index/hx_register
INFO: [ app_init ] --START--
INFO: Run Behavior\BuildLiteBehavior [ RunTime:0.000000s ]
INFO: [ app_init ] --END-- [ RunTime:0.001000s ]
INFO: [ app_begin ] --START--
INFO: Run Behavior\ReadHtmlCacheBehavior [ RunTime:0.000000s ]
INFO: [ app_begin ] --END-- [ RunTime:0.000000s ]
ERR: 非法操作:hx_register

[ 2016-07-08T10:15:12+08:00 ] 127.0.0.1 /index.php/Home/Index/Index
INFO: [ app_init ] --START--
INFO: Run Behavior\BuildLiteBehavior [ RunTime:0.000000s ]
INFO: [ app_init ] --END-- [ RunTime:0.001000s ]
INFO: [ app_begin ] --START--
INFO: Run Behavior\ReadHtmlCacheBehavior [ RunTime:0.001000s ]
INFO: [ app_begin ] --END-- [ RunTime:0.001000s ]
NOTIC: [8] Undefined index: client_id D:\31day\web\Application\Home\Controller\IndexController.class.php 第 9 行.
NOTIC: [8] Undefined index: api_token D:\31day\web\Application\Home\Controller\IndexController.class.php 第 10 行.
NOTIC: [8] Undefined index: user_token D:\31day\web\Application\Home\Controller\IndexController.class.php 第 11 行.
NOTIC: [8] Undefined index: mod D:\31day\web\Application\Home\Controller\IndexController.class.php 第 17 行.
NOTIC: [8] Undefined index: ctr D:\31day\web\Application\Home\Controller\IndexController.class.php 第 18 行.
NOTIC: [8] Undefined index: act D:\31day\web\Application\Home\Controller\IndexController.class.php 第 19 行.
SQL: SHOW COLUMNS FROM `pre_user` [ RunTime:0.014001s ]
SQL: SELECT `id`,`cid`,`groupid`,`username`,`nickname`,`cellphone`,`work` FROM `pre_user` WHERE ( id=1 and status = 10  ) LIMIT 1   [ RunTime:0.015001s ]

[ 2016-07-08T10:16:14+08:00 ] 127.0.0.1 /index.php/Home/Index/hx_register
INFO: [ app_init ] --START--
INFO: Run Behavior\BuildLiteBehavior [ RunTime:0.000000s ]
INFO: [ app_init ] --END-- [ RunTime:0.001000s ]
INFO: [ app_begin ] --START--
INFO: Run Behavior\ReadHtmlCacheBehavior [ RunTime:0.001000s ]
INFO: [ app_begin ] --END-- [ RunTime:0.002000s ]
ERR: 非法操作:hx_register

[ 2016-07-08T10:16:16+08:00 ] 127.0.0.1 /index.php/Home/Index/hx_register
INFO: [ app_init ] --START--
INFO: Run Behavior\BuildLiteBehavior [ RunTime:0.000000s ]
INFO: [ app_init ] --END-- [ RunTime:0.001000s ]
INFO: [ app_begin ] --START--
INFO: Run Behavior\ReadHtmlCacheBehavior [ RunTime:0.001000s ]
INFO: [ app_begin ] --END-- [ RunTime:0.001000s ]
ERR: 非法操作:hx_register

[ 2016-07-08T10:16:43+08:00 ] 127.0.0.1 /index.php/Home/Index/hx_register
INFO: [ app_init ] --START--
INFO: Run Behavior\BuildLiteBehavior [ RunTime:0.001001s ]
INFO: [ app_init ] --END-- [ RunTime:0.001001s ]
INFO: [ app_begin ] --START--
INFO: Run Behavior\ReadHtmlCacheBehavior [ RunTime:0.001000s ]
INFO: [ app_begin ] --END-- [ RunTime:0.001000s ]
ERR: 非法操作:hx_register

[ 2016-07-08T10:17:41+08:00 ] 127.0.0.1 /index.php/Home/Index/register
INFO: [ app_init ] --START--
INFO: Run Behavior\BuildLiteBehavior [ RunTime:0.000000s ]
INFO: [ app_init ] --END-- [ RunTime:0.000000s ]
INFO: [ app_begin ] --START--
INFO: Run Behavior\ReadHtmlCacheBehavior [ RunTime:0.001001s ]
INFO: [ app_begin ] --END-- [ RunTime:0.001001s ]
ERR: 非法操作:register

[ 2016-07-08T10:18:11+08:00 ] 127.0.0.1 /index.php/Home/Index/hx_register
INFO: [ app_init ] --START--
INFO: Run Behavior\BuildLiteBehavior [ RunTime:0.000000s ]
INFO: [ app_init ] --END-- [ RunTime:0.000000s ]
INFO: [ app_begin ] --START--
INFO: Run Behavior\ReadHtmlCacheBehavior [ RunTime:0.001000s ]
INFO: [ app_begin ] --END-- [ RunTime:0.001000s ]
ERR: 非法操作:hx_register

[ 2016-07-08T10:19:28+08:00 ] 127.0.0.1 /index.php/Home/Index/hx_register
INFO: [ app_init ] --START--
INFO: Run Behavior\BuildLiteBehavior [ RunTime:0.000000s ]
INFO: [ app_init ] --END-- [ RunTime:0.000000s ]
INFO: [ app_begin ] --START--
INFO: Run Behavior\ReadHtmlCacheBehavior [ RunTime:0.000000s ]
INFO: [ app_begin ] --END-- [ RunTime:0.000000s ]
ERR: 非法操作:hx_register

[ 2016-07-08T10:19:35+08:00 ] 127.0.0.1 /index.php/Home/Index/index
INFO: [ app_init ] --START--
INFO: Run Behavior\BuildLiteBehavior [ RunTime:0.000000s ]
INFO: [ app_init ] --END-- [ RunTime:0.000000s ]
INFO: [ app_begin ] --START--
INFO: Run Behavior\ReadHtmlCacheBehavior [ RunTime:0.000000s ]
INFO: [ app_begin ] --END-- [ RunTime:0.001000s ]
NOTIC: [8] Undefined index: client_id D:\31day\web\Application\Home\Controller\IndexController.class.php 第 9 行.
NOTIC: [8] Undefined index: api_token D:\31day\web\Application\Home\Controller\IndexController.class.php 第 10 行.
NOTIC: [8] Undefined index: user_token D:\31day\web\Application\Home\Controller\IndexController.class.php 第 11 行.
NOTIC: [8] Undefined index: mod D:\31day\web\Application\Home\Controller\IndexController.class.php 第 17 行.
NOTIC: [8] Undefined index: ctr D:\31day\web\Application\Home\Controller\IndexController.class.php 第 18 行.
NOTIC: [8] Undefined index: act D:\31day\web\Application\Home\Controller\IndexController.class.php 第 19 行.
SQL: SHOW COLUMNS FROM `pre_user` [ RunTime:0.016001s ]
SQL: SELECT `id`,`cid`,`groupid`,`username`,`nickname`,`cellphone`,`work` FROM `pre_user` WHERE ( id=1 and status = 10  ) LIMIT 1   [ RunTime:0.015000s ]

[ 2016-07-08T10:51:26+08:00 ] 127.0.0.1 /index.php/Home/Index/hx_register
INFO: [ app_init ] --START--
INFO: Run Behavior\BuildLiteBehavior [ RunTime:0.000000s ]
INFO: [ app_init ] --END-- [ RunTime:0.000000s ]
INFO: [ app_begin ] --START--
INFO: Run Behavior\ReadHtmlCacheBehavior [ RunTime:0.001000s ]
INFO: [ app_begin ] --END-- [ RunTime:0.001000s ]
ERR: 无法加载控制器:Index

[ 2016-07-08T10:52:10+08:00 ] 127.0.0.1 /index.php/Home/Index/hx_register
INFO: [ app_init ] --START--
INFO: Run Behavior\BuildLiteBehavior [ RunTime:0.000000s ]
INFO: [ app_init ] --END-- [ RunTime:0.001000s ]
INFO: [ app_begin ] --START--
INFO: Run Behavior\ReadHtmlCacheBehavior [ RunTime:0.001000s ]
INFO: [ app_begin ] --END-- [ RunTime:0.001000s ]
ERR: 无法加载控制器:Index

[ 2016-07-08T10:53:35+08:00 ] 127.0.0.1 /index.php/Home/Index/hx_register
INFO: [ app_init ] --START--
INFO: Run Behavior\BuildLiteBehavior [ RunTime:0.000000s ]
INFO: [ app_init ] --END-- [ RunTime:0.000000s ]
INFO: [ app_begin ] --START--
INFO: Run Behavior\ReadHtmlCacheBehavior [ RunTime:0.001000s ]
INFO: [ app_begin ] --END-- [ RunTime:0.001000s ]
ERR: 无法加载控制器:Index

[ 2016-07-08T10:53:40+08:00 ] 127.0.0.1 /index.php/Home/Index/hx_register
INFO: [ app_init ] --START--
INFO: Run Behavior\BuildLiteBehavior [ RunTime:0.001000s ]
INFO: [ app_init ] --END-- [ RunTime:0.001000s ]
INFO: [ app_begin ] --START--
INFO: Run Behavior\ReadHtmlCacheBehavior [ RunTime:0.001000s ]
INFO: [ app_begin ] --END-- [ RunTime:0.001000s ]
ERR: 无法加载控制器:Index

[ 2016-07-08T10:53:53+08:00 ] 127.0.0.1 /index.php/Home/Index/Index
INFO: [ app_init ] --START--
INFO: Run Behavior\BuildLiteBehavior [ RunTime:0.000000s ]
INFO: [ app_init ] --END-- [ RunTime:0.000000s ]
INFO: [ app_begin ] --START--
INFO: Run Behavior\ReadHtmlCacheBehavior [ RunTime:0.001000s ]
INFO: [ app_begin ] --END-- [ RunTime:0.001000s ]
ERR: 无法加载控制器:Index

[ 2016-07-08T11:00:46+08:00 ] 127.0.0.1 /index.php/Home/Index/hx_register
INFO: [ app_init ] --START--
INFO: Run Behavior\BuildLiteBehavior [ RunTime:0.000000s ]
INFO: [ app_init ] --END-- [ RunTime:0.001000s ]
INFO: [ app_begin ] --START--
INFO: Run Behavior\ReadHtmlCacheBehavior [ RunTime:0.001000s ]
INFO: [ app_begin ] --END-- [ RunTime:0.002001s ]
ERR: 无法加载控制器:Index

[ 2016-07-08T11:00:58+08:00 ] 127.0.0.1 /index.php/Home/Index/hx_register
INFO: [ app_init ] --START--
INFO: Run Behavior\BuildLiteBehavior [ RunTime:0.000000s ]
INFO: [ app_init ] --END-- [ RunTime:0.001000s ]
INFO: [ app_begin ] --START--
INFO: Run Behavior\ReadHtmlCacheBehavior [ RunTime:0.001000s ]
INFO: [ app_begin ] --END-- [ RunTime:0.001000s ]
ERR: 无法加载控制器:Index

[ 2016-07-08T11:03:55+08:00 ] 127.0.0.1 /index.php/Home/Index/hx_register
INFO: [ app_init ] --START--
INFO: Run Behavior\BuildLiteBehavior [ RunTime:0.000000s ]
INFO: [ app_init ] --END-- [ RunTime:0.004000s ]
INFO: [ app_begin ] --START--
INFO: Run Behavior\ReadHtmlCacheBehavior [ RunTime:0.002000s ]
INFO: [ app_begin ] --END-- [ RunTime:0.002000s ]
ERR: 无法加载控制器:Index

[ 2016-07-08T11:20:15+08:00 ] 127.0.0.1 /index.php/Home/Index/hx_register
INFO: [ app_init ] --START--
INFO: Run Behavior\BuildLiteBehavior [ RunTime:0.000000s ]
INFO: [ app_init ] --END-- [ RunTime:0.001000s ]
INFO: [ app_begin ] --START--
INFO: Run Behavior\ReadHtmlCacheBehavior [ RunTime:0.001000s ]
INFO: [ app_begin ] --END-- [ RunTime:0.002000s ]
ERR: 无法加载控制器:Index

[ 2016-07-08T11:20:40+08:00 ] 127.0.0.1 /index.php/Home/Index/hx_register
INFO: [ app_init ] --START--
INFO: Run Behavior\BuildLiteBehavior [ RunTime:0.000000s ]
INFO: [ app_init ] --END-- [ RunTime:0.000000s ]
INFO: [ app_begin ] --START--
INFO: Run Behavior\ReadHtmlCacheBehavior [ RunTime:0.001000s ]
INFO: [ app_begin ] --END-- [ RunTime:0.001000s ]
ERR: 无法加载控制器:Index

[ 2016-07-08T11:22:29+08:00 ] 127.0.0.1 /index.php/Home/Login/Index
INFO: [ app_init ] --START--
INFO: Run Behavior\BuildLiteBehavior [ RunTime:0.000000s ]
INFO: [ app_init ] --END-- [ RunTime:0.001000s ]
INFO: [ app_begin ] --START--
INFO: Run Behavior\ReadHtmlCacheBehavior [ RunTime:0.001000s ]
INFO: [ app_begin ] --END-- [ RunTime:0.001000s ]
ERR: 无法加载控制器:Login

[ 2016-07-08T11:23:26+08:00 ] 127.0.0.1 /index.php/Home/Login/Index
INFO: [ app_init ] --START--
INFO: Run Behavior\BuildLiteBehavior [ RunTime:0.000000s ]
INFO: [ app_init ] --END-- [ RunTime:0.000000s ]
INFO: [ app_begin ] --START--
INFO: Run Behavior\ReadHtmlCacheBehavior [ RunTime:0.000000s ]
INFO: [ app_begin ] --END-- [ RunTime:0.000000s ]
ERR: 无法加载控制器:Login

[ 2016-07-08T11:35:32+08:00 ] 127.0.0.1 /index.php/Home/Login/Index
INFO: [ app_init ] --START--
INFO: Run Behavior\BuildLiteBehavior [ RunTime:0.000000s ]
INFO: [ app_init ] --END-- [ RunTime:0.001000s ]
INFO: [ app_begin ] --START--
INFO: Run Behavior\ReadHtmlCacheBehavior [ RunTime:0.000000s ]
INFO: [ app_begin ] --END-- [ RunTime:0.001000s ]
INFO: [ app_end ] --START--
INFO: Run Behavior\ShowPageTraceBehavior [ RunTime:0.000000s ]
INFO: [ app_end ] --END-- [ RunTime:0.001000s ]

[ 2016-07-08T11:35:45+08:00 ] 127.0.0.1 /index.php/Home/Index/index
INFO: [ app_init ] --START--
INFO: Run Behavior\BuildLiteBehavior [ RunTime:0.000000s ]
INFO: [ app_init ] --END-- [ RunTime:0.000000s ]
INFO: [ app_begin ] --START--
INFO: Run Behavior\ReadHtmlCacheBehavior [ RunTime:0.001000s ]
INFO: [ app_begin ] --END-- [ RunTime:0.001000s ]
INFO: [ app_end ] --START--
INFO: Run Behavior\ShowPageTraceBehavior [ RunTime:0.001000s ]
INFO: [ app_end ] --END-- [ RunTime:0.001000s ]

[ 2016-07-08T11:35:56+08:00 ] 127.0.0.1 /index.php/Home/Index/hx_register
INFO: [ app_init ] --START--
INFO: Run Behavior\BuildLiteBehavior [ RunTime:0.000000s ]
INFO: [ app_init ] --END-- [ RunTime:0.001000s ]
INFO: [ app_begin ] --START--
INFO: Run Behavior\ReadHtmlCacheBehavior [ RunTime:0.000000s ]
INFO: [ app_begin ] --END-- [ RunTime:0.001000s ]
NOTIC: [8] Undefined index: username D:\31day\web\Application\Home\Controller\IndexController.class.php 第 31 行.
NOTIC: [8] Undefined index: password D:\31day\web\Application\Home\Controller\IndexController.class.php 第 32 行.
SQL: SHOW COLUMNS FROM `pre_user` [ RunTime:0.008001s ]
SQL: SHOW COLUMNS FROM `pre_user_data` [ RunTime:0.008000s ]
SQL: SHOW COLUMNS FROM `pre_user_profile` [ RunTime:0.007001s ]
SQL: SELECT * FROM `pre_user` WHERE ( username =  ) LIMIT 1   [ RunTime:0.001000s ]
ERR: 1064:You have an error in your SQL syntax; check the manual that corresponds to your MySQL server version for the right syntax to use near ') LIMIT 1' at line 1
 [ SQL语句 ] : SELECT * FROM `pre_user` WHERE ( username =  ) LIMIT 1  
SQL: INSERT INTO `pre_user` (`username`,`password_hash`,`nickname`,`created_at`) VALUES (null,null,null,1467948956) [ RunTime:0.000000s ]
ERR: 1048:Column 'username' cannot be null
 [ SQL语句 ] : INSERT INTO `pre_user` (`username`,`password_hash`,`nickname`,`created_at`) VALUES (null,null,null,1467948956)
SQL: INSERT INTO `pre_user_data` (`user_id`) VALUES (0) [ RunTime:0.002000s ]
ERR: 1452:Cannot add or update a child row: a foreign key constraint fails (`zdxtest`.`pre_user_data`, CONSTRAINT `pre_user_data_ibfk_1` FOREIGN KEY (`user_id`) REFERENCES `pre_user` (`id`) ON DELETE CASCADE ON UPDATE NO ACTION)
 [ SQL语句 ] : INSERT INTO `pre_user_data` (`user_id`) VALUES (0)
SQL: INSERT INTO `pre_user_profile` (`user_id`) VALUES (0) [ RunTime:0.001000s ]
ERR: 1452:Cannot add or update a child row: a foreign key constraint fails (`zdxtest`.`pre_user_profile`, CONSTRAINT `pre_user_profile_ibfk_1` FOREIGN KEY (`user_id`) REFERENCES `pre_user` (`id`) ON DELETE CASCADE ON UPDATE NO ACTION)
 [ SQL语句 ] : INSERT INTO `pre_user_profile` (`user_id`) VALUES (0)
INFO: [ app_end ] --START--
INFO: Run Behavior\ShowPageTraceBehavior [ RunTime:0.001000s ]
INFO: [ app_end ] --END-- [ RunTime:0.001000s ]

[ 2016-07-08T11:36:46+08:00 ] 127.0.0.1 /index.php/Home/Index/hx_register
INFO: [ app_init ] --START--
INFO: Run Behavior\BuildLiteBehavior [ RunTime:0.000000s ]
INFO: [ app_init ] --END-- [ RunTime:0.001000s ]
INFO: [ app_begin ] --START--
INFO: Run Behavior\ReadHtmlCacheBehavior [ RunTime:0.001001s ]
INFO: [ app_begin ] --END-- [ RunTime:0.001001s ]
SQL: SHOW COLUMNS FROM `pre_user` [ RunTime:0.009001s ]
SQL: SHOW COLUMNS FROM `pre_user_data` [ RunTime:0.007000s ]
SQL: SHOW COLUMNS FROM `pre_user_profile` [ RunTime:0.006001s ]
SQL: SELECT * FROM `pre_user` WHERE ( username = zdx ) LIMIT 1   [ RunTime:0.000000s ]
ERR: 1054:Unknown column 'zdx' in 'where clause'
 [ SQL语句 ] : SELECT * FROM `pre_user` WHERE ( username = zdx ) LIMIT 1  
SQL: INSERT INTO `pre_user` (`username`,`password_hash`,`nickname`,`created_at`) VALUES ('zdx','111111','zdx',1467949006) [ RunTime:0.002000s ]
SQL: INSERT INTO `pre_user_data` (`user_id`) VALUES (11) [ RunTime:0.001000s ]
SQL: INSERT INTO `pre_user_profile` (`user_id`) VALUES (11) [ RunTime:0.001000s ]
INFO: [ app_end ] --START--
INFO: Run Behavior\ShowPageTraceBehavior [ RunTime:0.001000s ]
INFO: [ app_end ] --END-- [ RunTime:0.001000s ]

[ 2016-07-08T11:37:24+08:00 ] 127.0.0.1 /index.php/Home/Index/hx_register
INFO: [ app_init ] --START--
INFO: Run Behavior\BuildLiteBehavior [ RunTime:0.000000s ]
INFO: [ app_init ] --END-- [ RunTime:0.001000s ]
INFO: [ app_begin ] --START--
INFO: Run Behavior\ReadHtmlCacheBehavior [ RunTime:0.001000s ]
INFO: [ app_begin ] --END-- [ RunTime:0.001000s ]
SQL: SHOW COLUMNS FROM `pre_user` [ RunTime:0.009000s ]
SQL: SHOW COLUMNS FROM `pre_user_data` [ RunTime:0.009001s ]
SQL: SHOW COLUMNS FROM `pre_user_profile` [ RunTime:0.010000s ]
SQL: SELECT * FROM `pre_user` WHERE ( username = zdx ) LIMIT 1   [ RunTime:0.002000s ]
ERR: 1054:Unknown column 'zdx' in 'where clause'
 [ SQL语句 ] : SELECT * FROM `pre_user` WHERE ( username = zdx ) LIMIT 1  
SQL: INSERT INTO `pre_user` (`username`,`password_hash`,`nickname`,`created_at`) VALUES ('zdx','111111','zdx',1467949044) [ RunTime:0.003001s ]
SQL: INSERT INTO `pre_user_data` (`user_id`) VALUES (12) [ RunTime:0.001000s ]
SQL: INSERT INTO `pre_user_profile` (`user_id`) VALUES (12) [ RunTime:0.001000s ]
INFO: [ app_end ] --START--
INFO: Run Behavior\ShowPageTraceBehavior [ RunTime:0.001000s ]
INFO: [ app_end ] --END-- [ RunTime:0.001000s ]

[ 2016-07-08T11:38:49+08:00 ] 127.0.0.1 /index.php/Home/Index/hx_register
INFO: [ app_init ] --START--
INFO: Run Behavior\BuildLiteBehavior [ RunTime:0.000000s ]
INFO: [ app_init ] --END-- [ RunTime:0.006001s ]
INFO: [ app_begin ] --START--
INFO: Run Behavior\ReadHtmlCacheBehavior [ RunTime:0.001000s ]
INFO: [ app_begin ] --END-- [ RunTime:0.001000s ]
SQL: SHOW COLUMNS FROM `pre_user` [ RunTime:0.008000s ]
SQL: SHOW COLUMNS FROM `pre_user_data` [ RunTime:0.007001s ]
SQL: SHOW COLUMNS FROM `pre_user_profile` [ RunTime:0.006000s ]
SQL: SELECT * FROM `pre_user` WHERE ( username = zdx ) LIMIT 1   [ RunTime:0.001000s ]
ERR: 1054:Unknown column 'zdx' in 'where clause'
 [ SQL语句 ] : SELECT * FROM `pre_user` WHERE ( username = zdx ) LIMIT 1  
SQL: INSERT INTO `pre_user` (`username`,`password_hash`,`nickname`,`created_at`) VALUES ('zdx','111111','zdx',1467949129) [ RunTime:0.001000s ]
SQL: INSERT INTO `pre_user_data` (`user_id`) VALUES (13) [ RunTime:0.002000s ]
SQL: INSERT INTO `pre_user_profile` (`user_id`) VALUES (13) [ RunTime:0.001000s ]
INFO: [ app_end ] --START--
INFO: Run Behavior\ShowPageTraceBehavior [ RunTime:0.001000s ]
INFO: [ app_end ] --END-- [ RunTime:0.001000s ]

[ 2016-07-08T11:39:28+08:00 ] 127.0.0.1 /index.php/Home/Index/hx_register
INFO: [ app_init ] --START--
INFO: Run Behavior\BuildLiteBehavior [ RunTime:0.000000s ]
INFO: [ app_init ] --END-- [ RunTime:0.001000s ]
INFO: [ app_begin ] --START--
INFO: Run Behavior\ReadHtmlCacheBehavior [ RunTime:0.001001s ]
INFO: [ app_begin ] --END-- [ RunTime:0.001001s ]
SQL: SHOW COLUMNS FROM `pre_user` [ RunTime:0.009001s ]
SQL: SHOW COLUMNS FROM `pre_user_data` [ RunTime:0.009000s ]
SQL: SHOW COLUMNS FROM `pre_user_profile` [ RunTime:0.008001s ]
SQL: SELECT `id` FROM `pre_user` WHERE ( username = zdx ) LIMIT 1   [ RunTime:0.000000s ]
ERR: 1054:Unknown column 'zdx' in 'where clause'
 [ SQL语句 ] : SELECT `id` FROM `pre_user` WHERE ( username = zdx ) LIMIT 1  
SQL: INSERT INTO `pre_user` (`username`,`password_hash`,`nickname`,`created_at`) VALUES ('zdx','111111','zdx',1467949168) [ RunTime:0.001000s ]
SQL: INSERT INTO `pre_user_data` (`user_id`) VALUES (14) [ RunTime:0.001000s ]
SQL: INSERT INTO `pre_user_profile` (`user_id`) VALUES (14) [ RunTime:0.002000s ]
INFO: [ app_end ] --START--
INFO: Run Behavior\ShowPageTraceBehavior [ RunTime:0.001000s ]
INFO: [ app_end ] --END-- [ RunTime:0.001000s ]

[ 2016-07-08T11:39:30+08:00 ] 127.0.0.1 /index.php/Home/Index/hx_register
INFO: [ app_init ] --START--
INFO: Run Behavior\BuildLiteBehavior [ RunTime:0.000000s ]
INFO: [ app_init ] --END-- [ RunTime:0.001000s ]
INFO: [ app_begin ] --START--
INFO: Run Behavior\ReadHtmlCacheBehavior [ RunTime:0.001000s ]
INFO: [ app_begin ] --END-- [ RunTime:0.001000s ]
SQL: SHOW COLUMNS FROM `pre_user` [ RunTime:0.009000s ]
SQL: SHOW COLUMNS FROM `pre_user_data` [ RunTime:0.009001s ]
SQL: SHOW COLUMNS FROM `pre_user_profile` [ RunTime:0.007000s ]
SQL: SELECT `id` FROM `pre_user` WHERE ( username = zdx ) LIMIT 1   [ RunTime:0.001000s ]
ERR: 1054:Unknown column 'zdx' in 'where clause'
 [ SQL语句 ] : SELECT `id` FROM `pre_user` WHERE ( username = zdx ) LIMIT 1  
SQL: INSERT INTO `pre_user` (`username`,`password_hash`,`nickname`,`created_at`) VALUES ('zdx','111111','zdx',1467949169) [ RunTime:0.002000s ]
SQL: INSERT INTO `pre_user_data` (`user_id`) VALUES (15) [ RunTime:0.001000s ]
SQL: INSERT INTO `pre_user_profile` (`user_id`) VALUES (15) [ RunTime:0.002001s ]
INFO: [ app_end ] --START--
INFO: Run Behavior\ShowPageTraceBehavior [ RunTime:0.001000s ]
INFO: [ app_end ] --END-- [ RunTime:0.001000s ]

[ 2016-07-08T11:40:04+08:00 ] 127.0.0.1 /index.php/Home/Index/hx_register
INFO: [ app_init ] --START--
INFO: Run Behavior\BuildLiteBehavior [ RunTime:0.000000s ]
INFO: [ app_init ] --END-- [ RunTime:0.001000s ]
INFO: [ app_begin ] --START--
INFO: Run Behavior\ReadHtmlCacheBehavior [ RunTime:0.001000s ]
INFO: [ app_begin ] --END-- [ RunTime:0.001000s ]
SQL: SHOW COLUMNS FROM `pre_user` [ RunTime:0.006000s ]
SQL: SHOW COLUMNS FROM `pre_user_data` [ RunTime:0.007001s ]
SQL: SHOW COLUMNS FROM `pre_user_profile` [ RunTime:0.007000s ]
SQL: SELECT `id` FROM `pre_user` WHERE ( username = zdx ) LIMIT 1   [ RunTime:0.001000s ]
ERR: 1054:Unknown column 'zdx' in 'where clause'
 [ SQL语句 ] : SELECT `id` FROM `pre_user` WHERE ( username = zdx ) LIMIT 1  
SQL: INSERT INTO `pre_user` (`username`,`password_hash`,`nickname`,`created_at`) VALUES ('zdx','111111','zdx',1467949204) [ RunTime:0.001000s ]
SQL: INSERT INTO `pre_user_data` (`user_id`) VALUES (16) [ RunTime:0.002000s ]
SQL: INSERT INTO `pre_user_profile` (`user_id`) VALUES (16) [ RunTime:0.001000s ]
INFO: [ app_end ] --START--
INFO: Run Behavior\ShowPageTraceBehavior [ RunTime:0.001000s ]
INFO: [ app_end ] --END-- [ RunTime:0.001000s ]

[ 2016-07-08T11:41:05+08:00 ] 127.0.0.1 /index.php/Home/Index/hx_register
INFO: [ app_init ] --START--
INFO: Run Behavior\BuildLiteBehavior [ RunTime:0.000000s ]
INFO: [ app_init ] --END-- [ RunTime:0.002000s ]
INFO: [ app_begin ] --START--
INFO: Run Behavior\ReadHtmlCacheBehavior [ RunTime:0.001000s ]
INFO: [ app_begin ] --END-- [ RunTime:0.001000s ]
SQL: SHOW COLUMNS FROM `pre_user` [ RunTime:0.008000s ]
SQL: SHOW COLUMNS FROM `pre_user_data` [ RunTime:0.008001s ]
SQL: SHOW COLUMNS FROM `pre_user_profile` [ RunTime:0.008000s ]
SQL: SELECT `id` FROM `pre_user` WHERE ( username = $username ) LIMIT 1   [ RunTime:0.000000s ]
ERR: 1054:Unknown column '$username' in 'where clause'
 [ SQL语句 ] : SELECT `id` FROM `pre_user` WHERE ( username = $username ) LIMIT 1  
SQL: INSERT INTO `pre_user` (`username`,`password_hash`,`nickname`,`created_at`) VALUES ('zdx','111111','zdx',1467949265) [ RunTime:0.001000s ]
SQL: INSERT INTO `pre_user_data` (`user_id`) VALUES (17) [ RunTime:0.002000s ]
SQL: INSERT INTO `pre_user_profile` (`user_id`) VALUES (17) [ RunTime:0.001000s ]
INFO: [ app_end ] --START--
INFO: Run Behavior\ShowPageTraceBehavior [ RunTime:0.001000s ]
INFO: [ app_end ] --END-- [ RunTime:0.001000s ]

[ 2016-07-08T11:42:29+08:00 ] 127.0.0.1 /index.php/Home/Index/hx_register
INFO: [ app_init ] --START--
INFO: Run Behavior\BuildLiteBehavior [ RunTime:0.000000s ]
INFO: [ app_init ] --END-- [ RunTime:0.001000s ]
INFO: [ app_begin ] --START--
INFO: Run Behavior\ReadHtmlCacheBehavior [ RunTime:0.001000s ]
INFO: [ app_begin ] --END-- [ RunTime:0.001000s ]
SQL: SHOW COLUMNS FROM `pre_user` [ RunTime:0.007000s ]
SQL: SHOW COLUMNS FROM `pre_user_data` [ RunTime:0.007001s ]
SQL: SHOW COLUMNS FROM `pre_user_profile` [ RunTime:0.006000s ]
SQL: SELECT `id` FROM `pre_user` WHERE `username` = 'zdx' LIMIT 1   [ RunTime:0.000000s ]

[ 2016-07-08T11:43:05+08:00 ] 127.0.0.1 /index.php/Home/Index/hx_register
INFO: [ app_init ] --START--
INFO: Run Behavior\BuildLiteBehavior [ RunTime:0.000000s ]
INFO: [ app_init ] --END-- [ RunTime:0.001000s ]
INFO: [ app_begin ] --START--
INFO: Run Behavior\ReadHtmlCacheBehavior [ RunTime:0.001000s ]
INFO: [ app_begin ] --END-- [ RunTime:0.001000s ]
SQL: SHOW COLUMNS FROM `pre_user` [ RunTime:0.008001s ]
SQL: SHOW COLUMNS FROM `pre_user_data` [ RunTime:0.008000s ]
SQL: SHOW COLUMNS FROM `pre_user_profile` [ RunTime:0.007001s ]
SQL: SELECT `id` FROM `pre_user` WHERE `username` = 'zdx' LIMIT 1   [ RunTime:0.001000s ]

[ 2016-07-08T12:07:03+08:00 ] 127.0.0.1 /index.php/Home/Index/hx_register
INFO: [ app_init ] --START--
INFO: Run Behavior\BuildLiteBehavior [ RunTime:0.000000s ]
INFO: [ app_init ] --END-- [ RunTime:0.001000s ]
INFO: [ app_begin ] --START--
INFO: Run Behavior\ReadHtmlCacheBehavior [ RunTime:0.001000s ]
INFO: [ app_begin ] --END-- [ RunTime:0.001000s ]
SQL: SHOW COLUMNS FROM `pre_user` [ RunTime:0.007000s ]
SQL: SHOW COLUMNS FROM `pre_user_data` [ RunTime:0.007000s ]
SQL: SHOW COLUMNS FROM `pre_user_profile` [ RunTime:0.007001s ]
SQL: SELECT `id` FROM `pre_user` WHERE `username` = 'zdx' LIMIT 1   [ RunTime:0.001000s ]

[ 2016-07-08T12:07:05+08:00 ] 127.0.0.1 /index.php/Home/Index/hx_register
INFO: [ app_init ] --START--
INFO: Run Behavior\BuildLiteBehavior [ RunTime:0.000000s ]
INFO: [ app_init ] --END-- [ RunTime:0.001000s ]
INFO: [ app_begin ] --START--
INFO: Run Behavior\ReadHtmlCacheBehavior [ RunTime:0.001000s ]
INFO: [ app_begin ] --END-- [ RunTime:0.001000s ]
SQL: SHOW COLUMNS FROM `pre_user` [ RunTime:0.010000s ]
SQL: SHOW COLUMNS FROM `pre_user_data` [ RunTime:0.009001s ]
SQL: SHOW COLUMNS FROM `pre_user_profile` [ RunTime:0.011000s ]
SQL: SELECT `id` FROM `pre_user` WHERE `username` = 'zdx' LIMIT 1   [ RunTime:0.001001s ]

[ 2016-07-08T12:07:06+08:00 ] 127.0.0.1 /index.php/Home/Index/hx_register
INFO: [ app_init ] --START--
INFO: Run Behavior\BuildLiteBehavior [ RunTime:0.000000s ]
INFO: [ app_init ] --END-- [ RunTime:0.001000s ]
INFO: [ app_begin ] --START--
INFO: Run Behavior\ReadHtmlCacheBehavior [ RunTime:0.000000s ]
INFO: [ app_begin ] --END-- [ RunTime:0.000000s ]
SQL: SHOW COLUMNS FROM `pre_user` [ RunTime:0.011001s ]
SQL: SHOW COLUMNS FROM `pre_user_data` [ RunTime:0.008001s ]
SQL: SHOW COLUMNS FROM `pre_user_profile` [ RunTime:0.007000s ]
SQL: SELECT `id` FROM `pre_user` WHERE `username` = 'zdx' LIMIT 1   [ RunTime:0.001000s ]

[ 2016-07-08T12:07:07+08:00 ] 127.0.0.1 /index.php/Home/Index/hx_register
INFO: [ app_init ] --START--
INFO: Run Behavior\BuildLiteBehavior [ RunTime:0.000000s ]
INFO: [ app_init ] --END-- [ RunTime:0.001000s ]
INFO: [ app_begin ] --START--
INFO: Run Behavior\ReadHtmlCacheBehavior [ RunTime:0.001000s ]
INFO: [ app_begin ] --END-- [ RunTime:0.001000s ]
SQL: SHOW COLUMNS FROM `pre_user` [ RunTime:0.018002s ]
SQL: SHOW COLUMNS FROM `pre_user_data` [ RunTime:0.009000s ]
SQL: SHOW COLUMNS FROM `pre_user_profile` [ RunTime:0.007001s ]
SQL: SELECT `id` FROM `pre_user` WHERE `username` = 'zdx' LIMIT 1   [ RunTime:0.001000s ]

[ 2016-07-08T12:07:09+08:00 ] 127.0.0.1 /index.php/Home/Index/hx_register
INFO: [ app_init ] --START--
INFO: Run Behavior\BuildLiteBehavior [ RunTime:0.000000s ]
INFO: [ app_init ] --END-- [ RunTime:0.001000s ]
INFO: [ app_begin ] --START--
INFO: Run Behavior\ReadHtmlCacheBehavior [ RunTime:0.000000s ]
INFO: [ app_begin ] --END-- [ RunTime:0.001000s ]
SQL: SHOW COLUMNS FROM `pre_user` [ RunTime:0.009001s ]
SQL: SHOW COLUMNS FROM `pre_user_data` [ RunTime:0.010000s ]
SQL: SHOW COLUMNS FROM `pre_user_profile` [ RunTime:0.009001s ]
SQL: SELECT `id` FROM `pre_user` WHERE `username` = 'zdx' LIMIT 1   [ RunTime:0.001000s ]

[ 2016-07-08T12:07:17+08:00 ] 127.0.0.1 /index.php/Home/Index/hx_register
INFO: [ app_init ] --START--
INFO: Run Behavior\BuildLiteBehavior [ RunTime:0.000000s ]
INFO: [ app_init ] --END-- [ RunTime:0.000000s ]
INFO: [ app_begin ] --START--
INFO: Run Behavior\ReadHtmlCacheBehavior [ RunTime:0.001000s ]
INFO: [ app_begin ] --END-- [ RunTime:0.001000s ]
SQL: SHOW COLUMNS FROM `pre_user` [ RunTime:0.009000s ]
SQL: SHOW COLUMNS FROM `pre_user_data` [ RunTime:0.009001s ]
SQL: SHOW COLUMNS FROM `pre_user_profile` [ RunTime:0.009000s ]
SQL: SELECT `id` FROM `pre_user` WHERE `username` = 'zdxww' LIMIT 1   [ RunTime:0.001000s ]
SQL: INSERT INTO `pre_user` (`username`,`password_hash`,`nickname`,`created_at`) VALUES ('zdxww','111111','zdxww',1467950836) [ RunTime:0.007001s ]
SQL: INSERT INTO `pre_user_data` (`user_id`) VALUES (18) [ RunTime:0.001000s ]
SQL: INSERT INTO `pre_user_profile` (`user_id`) VALUES (18) [ RunTime:0.002000s ]
INFO: [ app_end ] --START--
INFO: Run Behavior\ShowPageTraceBehavior [ RunTime:0.001000s ]
INFO: [ app_end ] --END-- [ RunTime:0.001000s ]

[ 2016-07-08T12:40:06+08:00 ] 127.0.0.1 /index.php/Home/Index/hx_register
INFO: [ app_init ] --START--
INFO: Run Behavior\BuildLiteBehavior [ RunTime:0.000000s ]
INFO: [ app_init ] --END-- [ RunTime:0.001000s ]
INFO: [ app_begin ] --START--
INFO: Run Behavior\ReadHtmlCacheBehavior [ RunTime:0.001001s ]
INFO: [ app_begin ] --END-- [ RunTime:0.002001s ]
SQL: SHOW COLUMNS FROM `pre_user` [ RunTime:0.007001s ]
SQL: SHOW COLUMNS FROM `pre_user_data` [ RunTime:0.007000s ]
SQL: SHOW COLUMNS FROM `pre_user_profile` [ RunTime:0.007001s ]
SQL: SELECT `id` FROM `pre_user` WHERE `username` = 'zwww' LIMIT 1   [ RunTime:0.001000s ]
SQL: INSERT INTO `pre_user` (`username`,`password_hash`,`nickname`,`created_at`) VALUES ('zwww','9db06bcff9248837f86d1a6bcf41c9e7','zwww',1467952806) [ RunTime:0.002000s ]
SQL: INSERT INTO `pre_user_data` (`user_id`) VALUES (19) [ RunTime:0.002000s ]
SQL: INSERT INTO `pre_user_profile` (`user_id`) VALUES (19) [ RunTime:0.001000s ]
INFO: [ app_end ] --START--
INFO: Run Behavior\ShowPageTraceBehavior [ RunTime:0.001000s ]
INFO: [ app_end ] --END-- [ RunTime:0.001000s ]

[ 2016-07-08T12:40:54+08:00 ] 127.0.0.1 /index.php/Home/Index/hx_register
INFO: [ app_init ] --START--
INFO: Run Behavior\BuildLiteBehavior [ RunTime:0.000000s ]
INFO: [ app_init ] --END-- [ RunTime:0.001000s ]
INFO: [ app_begin ] --START--
INFO: Run Behavior\ReadHtmlCacheBehavior [ RunTime:0.001000s ]
INFO: [ app_begin ] --END-- [ RunTime:0.001000s ]
SQL: SHOW COLUMNS FROM `pre_user` [ RunTime:0.010000s ]
SQL: SHOW COLUMNS FROM `pre_user_data` [ RunTime:0.008001s ]
SQL: SHOW COLUMNS FROM `pre_user_profile` [ RunTime:0.007000s ]
SQL: SELECT `id` FROM `pre_user` WHERE `username` = 'zwww' LIMIT 1   [ RunTime:0.001000s ]

