[ 2016-07-06T09:40:19+08:00 ] 127.0.0.1 /
INFO: [ app_init ] --START--
INFO: Run Behavior\BuildLiteBehavior [ RunTime:0.000000s ]
INFO: [ app_init ] --END-- [ RunTime:0.001000s ]
INFO: [ app_begin ] --START--
INFO: Run Behavior\ReadHtmlCacheBehavior [ RunTime:0.002000s ]
INFO: [ app_begin ] --END-- [ RunTime:0.003000s ]
INFO: [ app_end ] --START--
INFO: Run Behavior\ShowPageTraceBehavior [ RunTime:0.002000s ]
INFO: [ app_end ] --END-- [ RunTime:0.002000s ]

[ 2016-07-06T09:40:20+08:00 ] 127.0.0.1 /
INFO: [ app_init ] --START--
INFO: Run Behavior\BuildLiteBehavior [ RunTime:0.000000s ]
INFO: [ app_init ] --END-- [ RunTime:0.001000s ]
INFO: [ app_begin ] --START--
INFO: Run Behavior\ReadHtmlCacheBehavior [ RunTime:0.001000s ]
INFO: [ app_begin ] --END-- [ RunTime:0.001000s ]
INFO: [ app_end ] --START--
INFO: Run Behavior\ShowPageTraceBehavior [ RunTime:0.001000s ]
INFO: [ app_end ] --END-- [ RunTime:0.001000s ]

[ 2016-07-06T09:40:27+08:00 ] 127.0.0.1 /
INFO: [ app_init ] --START--
INFO: Run Behavior\BuildLiteBehavior [ RunTime:0.000000s ]
INFO: [ app_init ] --END-- [ RunTime:0.000000s ]
INFO: [ app_begin ] --START--
INFO: Run Behavior\ReadHtmlCacheBehavior [ RunTime:0.001000s ]
INFO: [ app_begin ] --END-- [ RunTime:0.001000s ]
INFO: [ app_end ] --START--
INFO: Run Behavior\ShowPageTraceBehavior [ RunTime:0.001000s ]
INFO: [ app_end ] --END-- [ RunTime:0.001000s ]

[ 2016-07-06T09:40:48+08:00 ] 127.0.0.1 /
INFO: [ app_init ] --START--
INFO: Run Behavior\BuildLiteBehavior [ RunTime:0.000000s ]
INFO: [ app_init ] --END-- [ RunTime:0.001000s ]
INFO: [ app_begin ] --START--
INFO: Run Behavior\ReadHtmlCacheBehavior [ RunTime:0.000000s ]
INFO: [ app_begin ] --END-- [ RunTime:0.000000s ]
INFO: [ app_end ] --START--
INFO: Run Behavior\ShowPageTraceBehavior [ RunTime:0.001000s ]
INFO: [ app_end ] --END-- [ RunTime:0.001000s ]

[ 2016-07-06T09:40:51+08:00 ] 127.0.0.1 /
INFO: [ app_init ] --START--
INFO: Run Behavior\BuildLiteBehavior [ RunTime:0.000000s ]
INFO: [ app_init ] --END-- [ RunTime:0.001000s ]
INFO: [ app_begin ] --START--
INFO: Run Behavior\ReadHtmlCacheBehavior [ RunTime:0.000000s ]
INFO: [ app_begin ] --END-- [ RunTime:0.000000s ]
INFO: [ app_end ] --START--
INFO: Run Behavior\ShowPageTraceBehavior [ RunTime:0.001000s ]
INFO: [ app_end ] --END-- [ RunTime:0.001000s ]

[ 2016-07-06T09:41:29+08:00 ] 127.0.0.1 /
INFO: [ app_init ] --START--
INFO: Run Behavior\BuildLiteBehavior [ RunTime:0.000000s ]
INFO: [ app_init ] --END-- [ RunTime:0.000000s ]
INFO: [ app_begin ] --START--
INFO: Run Behavior\ReadHtmlCacheBehavior [ RunTime:0.001000s ]
INFO: [ app_begin ] --END-- [ RunTime:0.001000s ]
INFO: [ app_end ] --START--
INFO: Run Behavior\ShowPageTraceBehavior [ RunTime:0.001000s ]
INFO: [ app_end ] --END-- [ RunTime:0.001000s ]

[ 2016-07-06T09:44:29+08:00 ] 127.0.0.1 /
INFO: [ app_init ] --START--
INFO: Run Behavior\BuildLiteBehavior [ RunTime:0.000000s ]
INFO: [ app_init ] --END-- [ RunTime:0.000000s ]
INFO: [ app_begin ] --START--
INFO: Run Behavior\ReadHtmlCacheBehavior [ RunTime:0.001000s ]
INFO: [ app_begin ] --END-- [ RunTime:0.001000s ]
INFO: [ app_end ] --START--
INFO: Run Behavior\ShowPageTraceBehavior [ RunTime:0.000000s ]
INFO: [ app_end ] --END-- [ RunTime:0.001000s ]

[ 2016-07-06T15:37:34+08:00 ] 127.0.0.1 /
INFO: [ app_init ] --START--
INFO: Run Behavior\BuildLiteBehavior [ RunTime:0.000000s ]
INFO: [ app_init ] --END-- [ RunTime:0.001000s ]
INFO: [ app_begin ] --START--
INFO: Run Behavior\ReadHtmlCacheBehavior [ RunTime:0.001001s ]
INFO: [ app_begin ] --END-- [ RunTime:0.001001s ]
NOTIC: [8] Undefined index: mod D:\31day\web\Application\Home\Controller\IndexController.class.php 第 6 行.
NOTIC: [8] Undefined index: ctr D:\31day\web\Application\Home\Controller\IndexController.class.php 第 7 行.
NOTIC: [8] Undefined index: act D:\31day\web\Application\Home\Controller\IndexController.class.php 第 8 行.
NOTIC: [8] Undefined index: client_id D:\31day\web\Application\Home\Controller\IndexController.class.php 第 9 行.
NOTIC: [8] Undefined index: api_token D:\31day\web\Application\Home\Controller\IndexController.class.php 第 10 行.

[ 2016-07-06T15:38:37+08:00 ] 127.0.0.1 /
INFO: [ app_init ] --START--
INFO: Run Behavior\BuildLiteBehavior [ RunTime:0.000000s ]
INFO: [ app_init ] --END-- [ RunTime:0.000000s ]
INFO: [ app_begin ] --START--
INFO: Run Behavior\ReadHtmlCacheBehavior [ RunTime:0.001000s ]
INFO: [ app_begin ] --END-- [ RunTime:0.001000s ]
NOTIC: [8] Undefined index: mod D:\31day\web\Application\Home\Controller\IndexController.class.php 第 6 行.
NOTIC: [8] Undefined index: ctr D:\31day\web\Application\Home\Controller\IndexController.class.php 第 7 行.
NOTIC: [8] Undefined index: act D:\31day\web\Application\Home\Controller\IndexController.class.php 第 8 行.
NOTIC: [8] Undefined index: client_id D:\31day\web\Application\Home\Controller\IndexController.class.php 第 9 行.
NOTIC: [8] Undefined index: api_token D:\31day\web\Application\Home\Controller\IndexController.class.php 第 10 行.

[ 2016-07-06T15:38:53+08:00 ] 127.0.0.1 /
INFO: [ app_init ] --START--
INFO: Run Behavior\BuildLiteBehavior [ RunTime:0.000000s ]
INFO: [ app_init ] --END-- [ RunTime:0.001000s ]
INFO: [ app_begin ] --START--
INFO: Run Behavior\ReadHtmlCacheBehavior [ RunTime:0.001000s ]
INFO: [ app_begin ] --END-- [ RunTime:0.001000s ]
NOTIC: [8] Undefined index: mod D:\31day\web\Application\Home\Controller\IndexController.class.php 第 6 行.
NOTIC: [8] Undefined index: ctr D:\31day\web\Application\Home\Controller\IndexController.class.php 第 7 行.
NOTIC: [8] Undefined index: act D:\31day\web\Application\Home\Controller\IndexController.class.php 第 8 行.
NOTIC: [8] Undefined index: client_id D:\31day\web\Application\Home\Controller\IndexController.class.php 第 9 行.
NOTIC: [8] Undefined index: api_token D:\31day\web\Application\Home\Controller\IndexController.class.php 第 10 行.
NOTIC: [8] Undefined variable: clieant_secret D:\31day\web\Application\Home\Controller\IndexController.class.php 第 13 行.
INFO: [ app_end ] --START--
INFO: Run Behavior\ShowPageTraceBehavior [ RunTime:0.000000s ]
INFO: [ app_end ] --END-- [ RunTime:0.001000s ]

[ 2016-07-06T15:40:00+08:00 ] 127.0.0.1 /
INFO: [ app_init ] --START--
INFO: Run Behavior\BuildLiteBehavior [ RunTime:0.000000s ]
INFO: [ app_init ] --END-- [ RunTime:0.001000s ]
INFO: [ app_begin ] --START--
INFO: Run Behavior\ReadHtmlCacheBehavior [ RunTime:0.000000s ]
INFO: [ app_begin ] --END-- [ RunTime:0.000000s ]
NOTIC: [8] Undefined index: mod D:\31day\web\Application\Home\Controller\IndexController.class.php 第 6 行.
NOTIC: [8] Undefined index: ctr D:\31day\web\Application\Home\Controller\IndexController.class.php 第 7 行.
NOTIC: [8] Undefined index: act D:\31day\web\Application\Home\Controller\IndexController.class.php 第 8 行.
NOTIC: [8] Undefined index: client_id D:\31day\web\Application\Home\Controller\IndexController.class.php 第 9 行.
NOTIC: [8] Undefined index: api_token D:\31day\web\Application\Home\Controller\IndexController.class.php 第 10 行.
NOTIC: [2] mysql_connect() [<a href='function.mysql-connect'>function.mysql-connect</a>]: Access denied for user 'root'@'117.82.186.89' (using password: NO) D:\31day\web\ThinkPHP\Library\Think\Db\Driver\Mysql.class.php 第 52 行.
ERR: Access denied for user 'root'@'117.82.186.89' (using password: NO)

[ 2016-07-06T15:41:11+08:00 ] 127.0.0.1 /
INFO: [ app_init ] --START--
INFO: Run Behavior\BuildLiteBehavior [ RunTime:0.000000s ]
INFO: [ app_init ] --END-- [ RunTime:0.001000s ]
INFO: [ app_begin ] --START--
INFO: Run Behavior\ReadHtmlCacheBehavior [ RunTime:0.001000s ]
INFO: [ app_begin ] --END-- [ RunTime:0.001000s ]
NOTIC: [8] Undefined index: mod D:\31day\web\Application\Home\Controller\IndexController.class.php 第 6 行.
NOTIC: [8] Undefined index: ctr D:\31day\web\Application\Home\Controller\IndexController.class.php 第 7 行.
NOTIC: [8] Undefined index: act D:\31day\web\Application\Home\Controller\IndexController.class.php 第 8 行.
NOTIC: [8] Undefined index: client_id D:\31day\web\Application\Home\Controller\IndexController.class.php 第 9 行.
NOTIC: [8] Undefined index: api_token D:\31day\web\Application\Home\Controller\IndexController.class.php 第 10 行.
NOTIC: [2] mysql_connect() [<a href='function.mysql-connect'>function.mysql-connect</a>]: Access denied for user 'root'@'117.82.186.89' (using password: YES) D:\31day\web\ThinkPHP\Library\Think\Db\Driver\Mysql.class.php 第 52 行.
ERR: Access denied for user 'root'@'117.82.186.89' (using password: YES)

[ 2016-07-06T15:41:13+08:00 ] 127.0.0.1 /
INFO: [ app_init ] --START--
INFO: Run Behavior\BuildLiteBehavior [ RunTime:0.000000s ]
INFO: [ app_init ] --END-- [ RunTime:0.001000s ]
INFO: [ app_begin ] --START--
INFO: Run Behavior\ReadHtmlCacheBehavior [ RunTime:0.001000s ]
INFO: [ app_begin ] --END-- [ RunTime:0.001000s ]
NOTIC: [8] Undefined index: mod D:\31day\web\Application\Home\Controller\IndexController.class.php 第 6 行.
NOTIC: [8] Undefined index: ctr D:\31day\web\Application\Home\Controller\IndexController.class.php 第 7 行.
NOTIC: [8] Undefined index: act D:\31day\web\Application\Home\Controller\IndexController.class.php 第 8 行.
NOTIC: [8] Undefined index: client_id D:\31day\web\Application\Home\Controller\IndexController.class.php 第 9 行.
NOTIC: [8] Undefined index: api_token D:\31day\web\Application\Home\Controller\IndexController.class.php 第 10 行.
NOTIC: [2] mysql_connect() [<a href='function.mysql-connect'>function.mysql-connect</a>]: Access denied for user 'root'@'117.82.186.89' (using password: YES) D:\31day\web\ThinkPHP\Library\Think\Db\Driver\Mysql.class.php 第 52 行.
ERR: Access denied for user 'root'@'117.82.186.89' (using password: YES)

[ 2016-07-06T15:45:54+08:00 ] 127.0.0.1 /
INFO: [ app_init ] --START--
INFO: Run Behavior\BuildLiteBehavior [ RunTime:0.000000s ]
INFO: [ app_init ] --END-- [ RunTime:0.000000s ]
INFO: [ app_begin ] --START--
INFO: Run Behavior\ReadHtmlCacheBehavior [ RunTime:0.001000s ]
INFO: [ app_begin ] --END-- [ RunTime:0.001000s ]
NOTIC: [8] Undefined index: mod D:\31day\web\Application\Home\Controller\IndexController.class.php 第 6 行.
NOTIC: [8] Undefined index: ctr D:\31day\web\Application\Home\Controller\IndexController.class.php 第 7 行.
NOTIC: [8] Undefined index: act D:\31day\web\Application\Home\Controller\IndexController.class.php 第 8 行.
NOTIC: [8] Undefined index: client_id D:\31day\web\Application\Home\Controller\IndexController.class.php 第 9 行.
NOTIC: [8] Undefined index: api_token D:\31day\web\Application\Home\Controller\IndexController.class.php 第 10 行.
NOTIC: [2] mysql_connect() [<a href='function.mysql-connect'>function.mysql-connect</a>]: Access denied for user 'root'@'117.82.186.89' (using password: YES) D:\31day\web\ThinkPHP\Library\Think\Db\Driver\Mysql.class.php 第 52 行.
ERR: Access denied for user 'root'@'117.82.186.89' (using password: YES)

[ 2016-07-06T15:45:56+08:00 ] 127.0.0.1 /
INFO: [ app_init ] --START--
INFO: Run Behavior\BuildLiteBehavior [ RunTime:0.000000s ]
INFO: [ app_init ] --END-- [ RunTime:0.000000s ]
INFO: [ app_begin ] --START--
INFO: Run Behavior\ReadHtmlCacheBehavior [ RunTime:0.001000s ]
INFO: [ app_begin ] --END-- [ RunTime:0.001000s ]
NOTIC: [8] Undefined index: mod D:\31day\web\Application\Home\Controller\IndexController.class.php 第 6 行.
NOTIC: [8] Undefined index: ctr D:\31day\web\Application\Home\Controller\IndexController.class.php 第 7 行.
NOTIC: [8] Undefined index: act D:\31day\web\Application\Home\Controller\IndexController.class.php 第 8 行.
NOTIC: [8] Undefined index: client_id D:\31day\web\Application\Home\Controller\IndexController.class.php 第 9 行.
NOTIC: [8] Undefined index: api_token D:\31day\web\Application\Home\Controller\IndexController.class.php 第 10 行.
NOTIC: [2] mysql_connect() [<a href='function.mysql-connect'>function.mysql-connect</a>]: Access denied for user 'root'@'117.82.186.89' (using password: YES) D:\31day\web\ThinkPHP\Library\Think\Db\Driver\Mysql.class.php 第 52 行.
ERR: Access denied for user 'root'@'117.82.186.89' (using password: YES)

[ 2016-07-06T15:45:57+08:00 ] 127.0.0.1 /
INFO: [ app_init ] --START--
INFO: Run Behavior\BuildLiteBehavior [ RunTime:0.000000s ]
INFO: [ app_init ] --END-- [ RunTime:0.001001s ]
INFO: [ app_begin ] --START--
INFO: Run Behavior\ReadHtmlCacheBehavior [ RunTime:0.001000s ]
INFO: [ app_begin ] --END-- [ RunTime:0.001000s ]
NOTIC: [8] Undefined index: mod D:\31day\web\Application\Home\Controller\IndexController.class.php 第 6 行.
NOTIC: [8] Undefined index: ctr D:\31day\web\Application\Home\Controller\IndexController.class.php 第 7 行.
NOTIC: [8] Undefined index: act D:\31day\web\Application\Home\Controller\IndexController.class.php 第 8 行.
NOTIC: [8] Undefined index: client_id D:\31day\web\Application\Home\Controller\IndexController.class.php 第 9 行.
NOTIC: [8] Undefined index: api_token D:\31day\web\Application\Home\Controller\IndexController.class.php 第 10 行.
NOTIC: [2] mysql_connect() [<a href='function.mysql-connect'>function.mysql-connect</a>]: Access denied for user 'root'@'117.82.186.89' (using password: YES) D:\31day\web\ThinkPHP\Library\Think\Db\Driver\Mysql.class.php 第 52 行.
ERR: Access denied for user 'root'@'117.82.186.89' (using password: YES)

[ 2016-07-06T15:45:58+08:00 ] 127.0.0.1 /
INFO: [ app_init ] --START--
INFO: Run Behavior\BuildLiteBehavior [ RunTime:0.000000s ]
INFO: [ app_init ] --END-- [ RunTime:0.001000s ]
INFO: [ app_begin ] --START--
INFO: Run Behavior\ReadHtmlCacheBehavior [ RunTime:0.001000s ]
INFO: [ app_begin ] --END-- [ RunTime:0.001000s ]
NOTIC: [8] Undefined index: mod D:\31day\web\Application\Home\Controller\IndexController.class.php 第 6 行.
NOTIC: [8] Undefined index: ctr D:\31day\web\Application\Home\Controller\IndexController.class.php 第 7 行.
NOTIC: [8] Undefined index: act D:\31day\web\Application\Home\Controller\IndexController.class.php 第 8 行.
NOTIC: [8] Undefined index: client_id D:\31day\web\Application\Home\Controller\IndexController.class.php 第 9 行.
NOTIC: [8] Undefined index: api_token D:\31day\web\Application\Home\Controller\IndexController.class.php 第 10 行.
NOTIC: [2] mysql_connect() [<a href='function.mysql-connect'>function.mysql-connect</a>]: Access denied for user 'root'@'117.82.186.89' (using password: YES) D:\31day\web\ThinkPHP\Library\Think\Db\Driver\Mysql.class.php 第 52 行.
ERR: Access denied for user 'root'@'117.82.186.89' (using password: YES)

[ 2016-07-06T15:47:01+08:00 ] 127.0.0.1 /
INFO: [ app_init ] --START--
INFO: Run Behavior\BuildLiteBehavior [ RunTime:0.000000s ]
INFO: [ app_init ] --END-- [ RunTime:0.000000s ]
INFO: [ app_begin ] --START--
INFO: Run Behavior\ReadHtmlCacheBehavior [ RunTime:0.001000s ]
INFO: [ app_begin ] --END-- [ RunTime:0.001000s ]
NOTIC: [8] Undefined index: mod D:\31day\web\Application\Home\Controller\IndexController.class.php 第 6 行.
NOTIC: [8] Undefined index: ctr D:\31day\web\Application\Home\Controller\IndexController.class.php 第 7 行.
NOTIC: [8] Undefined index: act D:\31day\web\Application\Home\Controller\IndexController.class.php 第 8 行.
NOTIC: [8] Undefined index: client_id D:\31day\web\Application\Home\Controller\IndexController.class.php 第 9 行.
NOTIC: [8] Undefined index: api_token D:\31day\web\Application\Home\Controller\IndexController.class.php 第 10 行.
NOTIC: [2] mysql_connect() [<a href='function.mysql-connect'>function.mysql-connect</a>]: Access denied for user 'root'@'117.82.186.89' (using password: YES) D:\31day\web\ThinkPHP\Library\Think\Db\Driver\Mysql.class.php 第 52 行.
ERR: Access denied for user 'root'@'117.82.186.89' (using password: YES)

[ 2016-07-06T15:47:02+08:00 ] 127.0.0.1 /
INFO: [ app_init ] --START--
INFO: Run Behavior\BuildLiteBehavior [ RunTime:0.000000s ]
INFO: [ app_init ] --END-- [ RunTime:0.001000s ]
INFO: [ app_begin ] --START--
INFO: Run Behavior\ReadHtmlCacheBehavior [ RunTime:0.001000s ]
INFO: [ app_begin ] --END-- [ RunTime:0.001000s ]
NOTIC: [8] Undefined index: mod D:\31day\web\Application\Home\Controller\IndexController.class.php 第 6 行.
NOTIC: [8] Undefined index: ctr D:\31day\web\Application\Home\Controller\IndexController.class.php 第 7 行.
NOTIC: [8] Undefined index: act D:\31day\web\Application\Home\Controller\IndexController.class.php 第 8 行.
NOTIC: [8] Undefined index: client_id D:\31day\web\Application\Home\Controller\IndexController.class.php 第 9 行.
NOTIC: [8] Undefined index: api_token D:\31day\web\Application\Home\Controller\IndexController.class.php 第 10 行.
NOTIC: [2] mysql_connect() [<a href='function.mysql-connect'>function.mysql-connect</a>]: Access denied for user 'root'@'117.82.186.89' (using password: YES) D:\31day\web\ThinkPHP\Library\Think\Db\Driver\Mysql.class.php 第 52 行.
ERR: Access denied for user 'root'@'117.82.186.89' (using password: YES)

[ 2016-07-06T15:47:02+08:00 ] 127.0.0.1 /
INFO: [ app_init ] --START--
INFO: Run Behavior\BuildLiteBehavior [ RunTime:0.000000s ]
INFO: [ app_init ] --END-- [ RunTime:0.001000s ]
INFO: [ app_begin ] --START--
INFO: Run Behavior\ReadHtmlCacheBehavior [ RunTime:0.001000s ]
INFO: [ app_begin ] --END-- [ RunTime:0.001000s ]
NOTIC: [8] Undefined index: mod D:\31day\web\Application\Home\Controller\IndexController.class.php 第 6 行.
NOTIC: [8] Undefined index: ctr D:\31day\web\Application\Home\Controller\IndexController.class.php 第 7 行.
NOTIC: [8] Undefined index: act D:\31day\web\Application\Home\Controller\IndexController.class.php 第 8 行.
NOTIC: [8] Undefined index: client_id D:\31day\web\Application\Home\Controller\IndexController.class.php 第 9 行.
NOTIC: [8] Undefined index: api_token D:\31day\web\Application\Home\Controller\IndexController.class.php 第 10 行.
NOTIC: [2] mysql_connect() [<a href='function.mysql-connect'>function.mysql-connect</a>]: Access denied for user 'root'@'117.82.186.89' (using password: YES) D:\31day\web\ThinkPHP\Library\Think\Db\Driver\Mysql.class.php 第 52 行.
ERR: Access denied for user 'root'@'117.82.186.89' (using password: YES)

[ 2016-07-06T15:47:02+08:00 ] 127.0.0.1 /
INFO: [ app_init ] --START--
INFO: Run Behavior\BuildLiteBehavior [ RunTime:0.000000s ]
INFO: [ app_init ] --END-- [ RunTime:0.001000s ]
INFO: [ app_begin ] --START--
INFO: Run Behavior\ReadHtmlCacheBehavior [ RunTime:0.000000s ]
INFO: [ app_begin ] --END-- [ RunTime:0.000000s ]
NOTIC: [8] Undefined index: mod D:\31day\web\Application\Home\Controller\IndexController.class.php 第 6 行.
NOTIC: [8] Undefined index: ctr D:\31day\web\Application\Home\Controller\IndexController.class.php 第 7 行.
NOTIC: [8] Undefined index: act D:\31day\web\Application\Home\Controller\IndexController.class.php 第 8 行.
NOTIC: [8] Undefined index: client_id D:\31day\web\Application\Home\Controller\IndexController.class.php 第 9 行.
NOTIC: [8] Undefined index: api_token D:\31day\web\Application\Home\Controller\IndexController.class.php 第 10 行.
NOTIC: [2] mysql_connect() [<a href='function.mysql-connect'>function.mysql-connect</a>]: Access denied for user 'root'@'117.82.186.89' (using password: YES) D:\31day\web\ThinkPHP\Library\Think\Db\Driver\Mysql.class.php 第 52 行.
ERR: Access denied for user 'root'@'117.82.186.89' (using password: YES)

[ 2016-07-06T15:47:03+08:00 ] 127.0.0.1 /
INFO: [ app_init ] --START--
INFO: Run Behavior\BuildLiteBehavior [ RunTime:0.000000s ]
INFO: [ app_init ] --END-- [ RunTime:0.000000s ]
INFO: [ app_begin ] --START--
INFO: Run Behavior\ReadHtmlCacheBehavior [ RunTime:0.000000s ]
INFO: [ app_begin ] --END-- [ RunTime:0.000000s ]
NOTIC: [8] Undefined index: mod D:\31day\web\Application\Home\Controller\IndexController.class.php 第 6 行.
NOTIC: [8] Undefined index: ctr D:\31day\web\Application\Home\Controller\IndexController.class.php 第 7 行.
NOTIC: [8] Undefined index: act D:\31day\web\Application\Home\Controller\IndexController.class.php 第 8 行.
NOTIC: [8] Undefined index: client_id D:\31day\web\Application\Home\Controller\IndexController.class.php 第 9 行.
NOTIC: [8] Undefined index: api_token D:\31day\web\Application\Home\Controller\IndexController.class.php 第 10 行.
NOTIC: [2] mysql_connect() [<a href='function.mysql-connect'>function.mysql-connect</a>]: Access denied for user 'root'@'117.82.186.89' (using password: YES) D:\31day\web\ThinkPHP\Library\Think\Db\Driver\Mysql.class.php 第 52 行.
ERR: Access denied for user 'root'@'117.82.186.89' (using password: YES)

[ 2016-07-06T15:47:03+08:00 ] 127.0.0.1 /
INFO: [ app_init ] --START--
INFO: Run Behavior\BuildLiteBehavior [ RunTime:0.000000s ]
INFO: [ app_init ] --END-- [ RunTime:0.000000s ]
INFO: [ app_begin ] --START--
INFO: Run Behavior\ReadHtmlCacheBehavior [ RunTime:0.000000s ]
INFO: [ app_begin ] --END-- [ RunTime:0.000000s ]
NOTIC: [8] Undefined index: mod D:\31day\web\Application\Home\Controller\IndexController.class.php 第 6 行.
NOTIC: [8] Undefined index: ctr D:\31day\web\Application\Home\Controller\IndexController.class.php 第 7 行.
NOTIC: [8] Undefined index: act D:\31day\web\Application\Home\Controller\IndexController.class.php 第 8 行.
NOTIC: [8] Undefined index: client_id D:\31day\web\Application\Home\Controller\IndexController.class.php 第 9 行.
NOTIC: [8] Undefined index: api_token D:\31day\web\Application\Home\Controller\IndexController.class.php 第 10 行.
NOTIC: [2] mysql_connect() [<a href='function.mysql-connect'>function.mysql-connect</a>]: Access denied for user 'root'@'117.82.186.89' (using password: YES) D:\31day\web\ThinkPHP\Library\Think\Db\Driver\Mysql.class.php 第 52 行.
ERR: Access denied for user 'root'@'117.82.186.89' (using password: YES)

[ 2016-07-06T15:47:03+08:00 ] 127.0.0.1 /
INFO: [ app_init ] --START--
INFO: Run Behavior\BuildLiteBehavior [ RunTime:0.000000s ]
INFO: [ app_init ] --END-- [ RunTime:0.001000s ]
INFO: [ app_begin ] --START--
INFO: Run Behavior\ReadHtmlCacheBehavior [ RunTime:0.001000s ]
INFO: [ app_begin ] --END-- [ RunTime:0.001000s ]
NOTIC: [8] Undefined index: mod D:\31day\web\Application\Home\Controller\IndexController.class.php 第 6 行.
NOTIC: [8] Undefined index: ctr D:\31day\web\Application\Home\Controller\IndexController.class.php 第 7 行.
NOTIC: [8] Undefined index: act D:\31day\web\Application\Home\Controller\IndexController.class.php 第 8 行.
NOTIC: [8] Undefined index: client_id D:\31day\web\Application\Home\Controller\IndexController.class.php 第 9 行.
NOTIC: [8] Undefined index: api_token D:\31day\web\Application\Home\Controller\IndexController.class.php 第 10 行.
NOTIC: [2] mysql_connect() [<a href='function.mysql-connect'>function.mysql-connect</a>]: Access denied for user 'root'@'117.82.186.89' (using password: YES) D:\31day\web\ThinkPHP\Library\Think\Db\Driver\Mysql.class.php 第 52 行.
ERR: Access denied for user 'root'@'117.82.186.89' (using password: YES)

[ 2016-07-06T15:48:13+08:00 ] 127.0.0.1 /
INFO: [ app_init ] --START--
INFO: Run Behavior\BuildLiteBehavior [ RunTime:0.000000s ]
INFO: [ app_init ] --END-- [ RunTime:0.001000s ]
INFO: [ app_begin ] --START--
INFO: Run Behavior\ReadHtmlCacheBehavior [ RunTime:0.001000s ]
INFO: [ app_begin ] --END-- [ RunTime:0.001000s ]
NOTIC: [8] Undefined index: mod D:\31day\web\Application\Home\Controller\IndexController.class.php 第 6 行.
NOTIC: [8] Undefined index: ctr D:\31day\web\Application\Home\Controller\IndexController.class.php 第 7 行.
NOTIC: [8] Undefined index: act D:\31day\web\Application\Home\Controller\IndexController.class.php 第 8 行.
NOTIC: [8] Undefined index: client_id D:\31day\web\Application\Home\Controller\IndexController.class.php 第 9 行.
NOTIC: [8] Undefined index: api_token D:\31day\web\Application\Home\Controller\IndexController.class.php 第 10 行.
NOTIC: [8] Undefined variable: clieant_secret D:\31day\web\Application\Home\Controller\IndexController.class.php 第 15 行.
INFO: [ app_end ] --START--
INFO: Run Behavior\ShowPageTraceBehavior [ RunTime:0.001000s ]
INFO: [ app_end ] --END-- [ RunTime:0.001000s ]

[ 2016-07-06T15:48:14+08:00 ] 127.0.0.1 /
INFO: [ app_init ] --START--
INFO: Run Behavior\BuildLiteBehavior [ RunTime:0.000000s ]
INFO: [ app_init ] --END-- [ RunTime:0.000000s ]
INFO: [ app_begin ] --START--
INFO: Run Behavior\ReadHtmlCacheBehavior [ RunTime:0.001000s ]
INFO: [ app_begin ] --END-- [ RunTime:0.001000s ]
NOTIC: [8] Undefined index: mod D:\31day\web\Application\Home\Controller\IndexController.class.php 第 6 行.
NOTIC: [8] Undefined index: ctr D:\31day\web\Application\Home\Controller\IndexController.class.php 第 7 行.
NOTIC: [8] Undefined index: act D:\31day\web\Application\Home\Controller\IndexController.class.php 第 8 行.
NOTIC: [8] Undefined index: client_id D:\31day\web\Application\Home\Controller\IndexController.class.php 第 9 行.
NOTIC: [8] Undefined index: api_token D:\31day\web\Application\Home\Controller\IndexController.class.php 第 10 行.
NOTIC: [8] Undefined variable: clieant_secret D:\31day\web\Application\Home\Controller\IndexController.class.php 第 15 行.
INFO: [ app_end ] --START--
INFO: Run Behavior\ShowPageTraceBehavior [ RunTime:0.001000s ]
INFO: [ app_end ] --END-- [ RunTime:0.001000s ]

[ 2016-07-06T15:48:25+08:00 ] 127.0.0.1 /
INFO: [ app_init ] --START--
INFO: Run Behavior\BuildLiteBehavior [ RunTime:0.000000s ]
INFO: [ app_init ] --END-- [ RunTime:0.001001s ]
INFO: [ app_begin ] --START--
INFO: Run Behavior\ReadHtmlCacheBehavior [ RunTime:0.000000s ]
INFO: [ app_begin ] --END-- [ RunTime:0.000000s ]
NOTIC: [8] Undefined index: mod D:\31day\web\Application\Home\Controller\IndexController.class.php 第 6 行.
NOTIC: [8] Undefined index: ctr D:\31day\web\Application\Home\Controller\IndexController.class.php 第 7 行.
NOTIC: [8] Undefined index: act D:\31day\web\Application\Home\Controller\IndexController.class.php 第 8 行.
NOTIC: [8] Undefined index: client_id D:\31day\web\Application\Home\Controller\IndexController.class.php 第 9 行.
NOTIC: [8] Undefined index: api_token D:\31day\web\Application\Home\Controller\IndexController.class.php 第 10 行.
NOTIC: [2] mysql_connect() [<a href='function.mysql-connect'>function.mysql-connect</a>]: Access denied for user 'root'@'117.82.186.89' (using password: YES) D:\31day\web\ThinkPHP\Library\Think\Db\Driver\Mysql.class.php 第 52 行.
ERR: Access denied for user 'root'@'117.82.186.89' (using password: YES)

[ 2016-07-06T15:51:26+08:00 ] 127.0.0.1 /
INFO: [ app_init ] --START--
INFO: Run Behavior\BuildLiteBehavior [ RunTime:0.000000s ]
INFO: [ app_init ] --END-- [ RunTime:0.001000s ]
INFO: [ app_begin ] --START--
INFO: Run Behavior\ReadHtmlCacheBehavior [ RunTime:0.000000s ]
INFO: [ app_begin ] --END-- [ RunTime:0.001000s ]
NOTIC: [8] Undefined index: mod D:\31day\web\Application\Home\Controller\IndexController.class.php 第 6 行.
NOTIC: [8] Undefined index: ctr D:\31day\web\Application\Home\Controller\IndexController.class.php 第 7 行.
NOTIC: [8] Undefined index: act D:\31day\web\Application\Home\Controller\IndexController.class.php 第 8 行.
NOTIC: [8] Undefined index: client_id D:\31day\web\Application\Home\Controller\IndexController.class.php 第 9 行.
NOTIC: [8] Undefined index: api_token D:\31day\web\Application\Home\Controller\IndexController.class.php 第 10 行.
NOTIC: [8] Undefined variable: clieant_secret D:\31day\web\Application\Home\Controller\IndexController.class.php 第 15 行.
INFO: [ app_end ] --START--
INFO: Run Behavior\ShowPageTraceBehavior [ RunTime:0.001000s ]
INFO: [ app_end ] --END-- [ RunTime:0.001000s ]

[ 2016-07-06T15:51:27+08:00 ] 127.0.0.1 /
INFO: [ app_init ] --START--
INFO: Run Behavior\BuildLiteBehavior [ RunTime:0.000000s ]
INFO: [ app_init ] --END-- [ RunTime:0.001000s ]
INFO: [ app_begin ] --START--
INFO: Run Behavior\ReadHtmlCacheBehavior [ RunTime:0.001000s ]
INFO: [ app_begin ] --END-- [ RunTime:0.001000s ]
NOTIC: [8] Undefined index: mod D:\31day\web\Application\Home\Controller\IndexController.class.php 第 6 行.
NOTIC: [8] Undefined index: ctr D:\31day\web\Application\Home\Controller\IndexController.class.php 第 7 行.
NOTIC: [8] Undefined index: act D:\31day\web\Application\Home\Controller\IndexController.class.php 第 8 行.
NOTIC: [8] Undefined index: client_id D:\31day\web\Application\Home\Controller\IndexController.class.php 第 9 行.
NOTIC: [8] Undefined index: api_token D:\31day\web\Application\Home\Controller\IndexController.class.php 第 10 行.
NOTIC: [8] Undefined variable: clieant_secret D:\31day\web\Application\Home\Controller\IndexController.class.php 第 15 行.
INFO: [ app_end ] --START--
INFO: Run Behavior\ShowPageTraceBehavior [ RunTime:0.001000s ]
INFO: [ app_end ] --END-- [ RunTime:0.001000s ]

[ 2016-07-06T15:51:35+08:00 ] 127.0.0.1 /
INFO: [ app_init ] --START--
INFO: Run Behavior\BuildLiteBehavior [ RunTime:0.000000s ]
INFO: [ app_init ] --END-- [ RunTime:0.001000s ]
INFO: [ app_begin ] --START--
INFO: Run Behavior\ReadHtmlCacheBehavior [ RunTime:0.001000s ]
INFO: [ app_begin ] --END-- [ RunTime:0.001000s ]
NOTIC: [8] Undefined index: mod D:\31day\web\Application\Home\Controller\IndexController.class.php 第 6 行.
NOTIC: [8] Undefined index: ctr D:\31day\web\Application\Home\Controller\IndexController.class.php 第 7 行.
NOTIC: [8] Undefined index: act D:\31day\web\Application\Home\Controller\IndexController.class.php 第 8 行.
NOTIC: [8] Undefined index: client_id D:\31day\web\Application\Home\Controller\IndexController.class.php 第 9 行.
NOTIC: [8] Undefined index: api_token D:\31day\web\Application\Home\Controller\IndexController.class.php 第 10 行.
SQL: SHOW COLUMNS FROM `pre_user` [ RunTime:0.015001s ]
NOTIC: [8] Undefined variable: clieant_secret D:\31day\web\Application\Home\Controller\IndexController.class.php 第 15 行.
INFO: [ app_end ] --START--
INFO: Run Behavior\ShowPageTraceBehavior [ RunTime:0.001000s ]
INFO: [ app_end ] --END-- [ RunTime:0.001000s ]

[ 2016-07-06T15:51:36+08:00 ] 127.0.0.1 /
INFO: [ app_init ] --START--
INFO: Run Behavior\BuildLiteBehavior [ RunTime:0.000000s ]
INFO: [ app_init ] --END-- [ RunTime:0.000000s ]
INFO: [ app_begin ] --START--
INFO: Run Behavior\ReadHtmlCacheBehavior [ RunTime:0.001000s ]
INFO: [ app_begin ] --END-- [ RunTime:0.001000s ]
NOTIC: [8] Undefined index: mod D:\31day\web\Application\Home\Controller\IndexController.class.php 第 6 行.
NOTIC: [8] Undefined index: ctr D:\31day\web\Application\Home\Controller\IndexController.class.php 第 7 行.
NOTIC: [8] Undefined index: act D:\31day\web\Application\Home\Controller\IndexController.class.php 第 8 行.
NOTIC: [8] Undefined index: client_id D:\31day\web\Application\Home\Controller\IndexController.class.php 第 9 行.
NOTIC: [8] Undefined index: api_token D:\31day\web\Application\Home\Controller\IndexController.class.php 第 10 行.
SQL: SHOW COLUMNS FROM `pre_user` [ RunTime:0.012001s ]
NOTIC: [8] Undefined variable: clieant_secret D:\31day\web\Application\Home\Controller\IndexController.class.php 第 15 行.
INFO: [ app_end ] --START--
INFO: Run Behavior\ShowPageTraceBehavior [ RunTime:0.000000s ]
INFO: [ app_end ] --END-- [ RunTime:0.000000s ]

[ 2016-07-06T15:51:37+08:00 ] 127.0.0.1 /
INFO: [ app_init ] --START--
INFO: Run Behavior\BuildLiteBehavior [ RunTime:0.000000s ]
INFO: [ app_init ] --END-- [ RunTime:0.000000s ]
INFO: [ app_begin ] --START--
INFO: Run Behavior\ReadHtmlCacheBehavior [ RunTime:0.001001s ]
INFO: [ app_begin ] --END-- [ RunTime:0.001001s ]
NOTIC: [8] Undefined index: mod D:\31day\web\Application\Home\Controller\IndexController.class.php 第 6 行.
NOTIC: [8] Undefined index: ctr D:\31day\web\Application\Home\Controller\IndexController.class.php 第 7 行.
NOTIC: [8] Undefined index: act D:\31day\web\Application\Home\Controller\IndexController.class.php 第 8 行.
NOTIC: [8] Undefined index: client_id D:\31day\web\Application\Home\Controller\IndexController.class.php 第 9 行.
NOTIC: [8] Undefined index: api_token D:\31day\web\Application\Home\Controller\IndexController.class.php 第 10 行.
SQL: SHOW COLUMNS FROM `pre_user` [ RunTime:0.013000s ]
NOTIC: [8] Undefined variable: clieant_secret D:\31day\web\Application\Home\Controller\IndexController.class.php 第 15 行.
INFO: [ app_end ] --START--
INFO: Run Behavior\ShowPageTraceBehavior [ RunTime:0.001001s ]
INFO: [ app_end ] --END-- [ RunTime:0.001001s ]

[ 2016-07-06T15:51:44+08:00 ] 127.0.0.1 /
INFO: [ app_init ] --START--
INFO: Run Behavior\BuildLiteBehavior [ RunTime:0.000000s ]
INFO: [ app_init ] --END-- [ RunTime:0.000000s ]
INFO: [ app_begin ] --START--
INFO: Run Behavior\ReadHtmlCacheBehavior [ RunTime:0.001000s ]
INFO: [ app_begin ] --END-- [ RunTime:0.001000s ]
NOTIC: [8] Undefined index: mod D:\31day\web\Application\Home\Controller\IndexController.class.php 第 6 行.
NOTIC: [8] Undefined index: ctr D:\31day\web\Application\Home\Controller\IndexController.class.php 第 7 行.
NOTIC: [8] Undefined index: act D:\31day\web\Application\Home\Controller\IndexController.class.php 第 8 行.
NOTIC: [8] Undefined index: client_id D:\31day\web\Application\Home\Controller\IndexController.class.php 第 9 行.
NOTIC: [8] Undefined index: api_token D:\31day\web\Application\Home\Controller\IndexController.class.php 第 10 行.
SQL: SHOW COLUMNS FROM `pre_user` [ RunTime:0.012001s ]
SQL: SELECT `id`,`cid`,`groupid`,`username`,`nickname`,`cellphone`,`work` FROM `pre_user` WHERE ( id=1 and statu = 10  ) LIMIT 1   [ RunTime:0.011000s ]
ERR: 1054:Unknown column 'statu' in 'where clause'
 [ SQL语句 ] : SELECT `id`,`cid`,`groupid`,`username`,`nickname`,`cellphone`,`work` FROM `pre_user` WHERE ( id=1 and statu = 10  ) LIMIT 1  
INFO: [ app_end ] --START--
INFO: Run Behavior\ShowPageTraceBehavior [ RunTime:0.001000s ]
INFO: [ app_end ] --END-- [ RunTime:0.001000s ]

[ 2016-07-06T15:51:45+08:00 ] 127.0.0.1 /
INFO: [ app_init ] --START--
INFO: Run Behavior\BuildLiteBehavior [ RunTime:0.000000s ]
INFO: [ app_init ] --END-- [ RunTime:0.000000s ]
INFO: [ app_begin ] --START--
INFO: Run Behavior\ReadHtmlCacheBehavior [ RunTime:0.001001s ]
INFO: [ app_begin ] --END-- [ RunTime:0.001001s ]
NOTIC: [8] Undefined index: mod D:\31day\web\Application\Home\Controller\IndexController.class.php 第 6 行.
NOTIC: [8] Undefined index: ctr D:\31day\web\Application\Home\Controller\IndexController.class.php 第 7 行.
NOTIC: [8] Undefined index: act D:\31day\web\Application\Home\Controller\IndexController.class.php 第 8 行.
NOTIC: [8] Undefined index: client_id D:\31day\web\Application\Home\Controller\IndexController.class.php 第 9 行.
NOTIC: [8] Undefined index: api_token D:\31day\web\Application\Home\Controller\IndexController.class.php 第 10 行.
SQL: SHOW COLUMNS FROM `pre_user` [ RunTime:0.013001s ]
SQL: SELECT `id`,`cid`,`groupid`,`username`,`nickname`,`cellphone`,`work` FROM `pre_user` WHERE ( id=1 and statu = 10  ) LIMIT 1   [ RunTime:0.012000s ]
ERR: 1054:Unknown column 'statu' in 'where clause'
 [ SQL语句 ] : SELECT `id`,`cid`,`groupid`,`username`,`nickname`,`cellphone`,`work` FROM `pre_user` WHERE ( id=1 and statu = 10  ) LIMIT 1  
INFO: [ app_end ] --START--
INFO: Run Behavior\ShowPageTraceBehavior [ RunTime:0.001000s ]
INFO: [ app_end ] --END-- [ RunTime:0.001000s ]

[ 2016-07-06T15:54:40+08:00 ] 127.0.0.1 /
INFO: [ app_init ] --START--
INFO: Run Behavior\BuildLiteBehavior [ RunTime:0.000000s ]
INFO: [ app_init ] --END-- [ RunTime:0.001000s ]
INFO: [ app_begin ] --START--
INFO: Run Behavior\ReadHtmlCacheBehavior [ RunTime:0.001000s ]
INFO: [ app_begin ] --END-- [ RunTime:0.001000s ]
NOTIC: [8] Undefined index: mod D:\31day\web\Application\Home\Controller\IndexController.class.php 第 6 行.
NOTIC: [8] Undefined index: ctr D:\31day\web\Application\Home\Controller\IndexController.class.php 第 7 行.
NOTIC: [8] Undefined index: act D:\31day\web\Application\Home\Controller\IndexController.class.php 第 8 行.
NOTIC: [8] Undefined index: client_id D:\31day\web\Application\Home\Controller\IndexController.class.php 第 9 行.
NOTIC: [8] Undefined index: api_token D:\31day\web\Application\Home\Controller\IndexController.class.php 第 10 行.
SQL: SHOW COLUMNS FROM `pre_user` [ RunTime:0.013001s ]
SQL: SELECT `id`,`cid`,`groupid`,`username`,`nickname`,`cellphone`,`work` FROM `pre_user` WHERE ( id=1 and statu = 10  ) LIMIT 1   [ RunTime:0.011001s ]
ERR: 1054:Unknown column 'statu' in 'where clause'
 [ SQL语句 ] : SELECT `id`,`cid`,`groupid`,`username`,`nickname`,`cellphone`,`work` FROM `pre_user` WHERE ( id=1 and statu = 10  ) LIMIT 1  
INFO: [ app_end ] --START--
INFO: Run Behavior\ShowPageTraceBehavior [ RunTime:0.000000s ]
INFO: [ app_end ] --END-- [ RunTime:0.000000s ]

[ 2016-07-06T15:54:40+08:00 ] 127.0.0.1 /
INFO: [ app_init ] --START--
INFO: Run Behavior\BuildLiteBehavior [ RunTime:0.000000s ]
INFO: [ app_init ] --END-- [ RunTime:0.001001s ]
INFO: [ app_begin ] --START--
INFO: Run Behavior\ReadHtmlCacheBehavior [ RunTime:0.000000s ]
INFO: [ app_begin ] --END-- [ RunTime:0.000000s ]
NOTIC: [8] Undefined index: mod D:\31day\web\Application\Home\Controller\IndexController.class.php 第 6 行.
NOTIC: [8] Undefined index: ctr D:\31day\web\Application\Home\Controller\IndexController.class.php 第 7 行.
NOTIC: [8] Undefined index: act D:\31day\web\Application\Home\Controller\IndexController.class.php 第 8 行.
NOTIC: [8] Undefined index: client_id D:\31day\web\Application\Home\Controller\IndexController.class.php 第 9 行.
NOTIC: [8] Undefined index: api_token D:\31day\web\Application\Home\Controller\IndexController.class.php 第 10 行.
SQL: SHOW COLUMNS FROM `pre_user` [ RunTime:0.014001s ]
SQL: SELECT `id`,`cid`,`groupid`,`username`,`nickname`,`cellphone`,`work` FROM `pre_user` WHERE ( id=1 and statu = 10  ) LIMIT 1   [ RunTime:0.014000s ]
ERR: 1054:Unknown column 'statu' in 'where clause'
 [ SQL语句 ] : SELECT `id`,`cid`,`groupid`,`username`,`nickname`,`cellphone`,`work` FROM `pre_user` WHERE ( id=1 and statu = 10  ) LIMIT 1  
INFO: [ app_end ] --START--
INFO: Run Behavior\ShowPageTraceBehavior [ RunTime:0.001000s ]
INFO: [ app_end ] --END-- [ RunTime:0.001000s ]

[ 2016-07-06T15:55:09+08:00 ] 127.0.0.1 /
INFO: [ app_init ] --START--
INFO: Run Behavior\BuildLiteBehavior [ RunTime:0.000000s ]
INFO: [ app_init ] --END-- [ RunTime:0.000000s ]
INFO: [ app_begin ] --START--
INFO: Run Behavior\ReadHtmlCacheBehavior [ RunTime:0.001000s ]
INFO: [ app_begin ] --END-- [ RunTime:0.001000s ]
NOTIC: [8] Undefined index: mod D:\31day\web\Application\Home\Controller\IndexController.class.php 第 6 行.
NOTIC: [8] Undefined index: ctr D:\31day\web\Application\Home\Controller\IndexController.class.php 第 7 行.
NOTIC: [8] Undefined index: act D:\31day\web\Application\Home\Controller\IndexController.class.php 第 8 行.
NOTIC: [8] Undefined index: client_id D:\31day\web\Application\Home\Controller\IndexController.class.php 第 9 行.
NOTIC: [8] Undefined index: api_token D:\31day\web\Application\Home\Controller\IndexController.class.php 第 10 行.
SQL: SHOW COLUMNS FROM `pre_user` [ RunTime:0.021001s ]
SQL: SELECT `id`,`cid`,`groupid`,`username`,`nickname`,`cellphone`,`work` FROM `pre_user` WHERE ( id=1 and statu = 10  ) LIMIT 1   [ RunTime:0.011001s ]
ERR: 1054:Unknown column 'statu' in 'where clause'
 [ SQL语句 ] : SELECT `id`,`cid`,`groupid`,`username`,`nickname`,`cellphone`,`work` FROM `pre_user` WHERE ( id=1 and statu = 10  ) LIMIT 1  
INFO: [ app_end ] --START--
INFO: Run Behavior\ShowPageTraceBehavior [ RunTime:0.001000s ]
INFO: [ app_end ] --END-- [ RunTime:0.001000s ]

[ 2016-07-06T15:55:10+08:00 ] 127.0.0.1 /
INFO: [ app_init ] --START--
INFO: Run Behavior\BuildLiteBehavior [ RunTime:0.000000s ]
INFO: [ app_init ] --END-- [ RunTime:0.001000s ]
INFO: [ app_begin ] --START--
INFO: Run Behavior\ReadHtmlCacheBehavior [ RunTime:0.001000s ]
INFO: [ app_begin ] --END-- [ RunTime:0.001000s ]
NOTIC: [8] Undefined index: mod D:\31day\web\Application\Home\Controller\IndexController.class.php 第 6 行.
NOTIC: [8] Undefined index: ctr D:\31day\web\Application\Home\Controller\IndexController.class.php 第 7 行.
NOTIC: [8] Undefined index: act D:\31day\web\Application\Home\Controller\IndexController.class.php 第 8 行.
NOTIC: [8] Undefined index: client_id D:\31day\web\Application\Home\Controller\IndexController.class.php 第 9 行.
NOTIC: [8] Undefined index: api_token D:\31day\web\Application\Home\Controller\IndexController.class.php 第 10 行.
SQL: SHOW COLUMNS FROM `pre_user` [ RunTime:0.014001s ]
SQL: SELECT `id`,`cid`,`groupid`,`username`,`nickname`,`cellphone`,`work` FROM `pre_user` WHERE ( id=1 and statu = 10  ) LIMIT 1   [ RunTime:0.013000s ]
ERR: 1054:Unknown column 'statu' in 'where clause'
 [ SQL语句 ] : SELECT `id`,`cid`,`groupid`,`username`,`nickname`,`cellphone`,`work` FROM `pre_user` WHERE ( id=1 and statu = 10  ) LIMIT 1  
INFO: [ app_end ] --START--
INFO: Run Behavior\ShowPageTraceBehavior [ RunTime:0.000000s ]
INFO: [ app_end ] --END-- [ RunTime:0.000000s ]

[ 2016-07-06T15:55:10+08:00 ] 127.0.0.1 /
INFO: [ app_init ] --START--
INFO: Run Behavior\BuildLiteBehavior [ RunTime:0.000000s ]
INFO: [ app_init ] --END-- [ RunTime:0.000000s ]
INFO: [ app_begin ] --START--
INFO: Run Behavior\ReadHtmlCacheBehavior [ RunTime:0.001000s ]
INFO: [ app_begin ] --END-- [ RunTime:0.001000s ]
NOTIC: [8] Undefined index: mod D:\31day\web\Application\Home\Controller\IndexController.class.php 第 6 行.
NOTIC: [8] Undefined index: ctr D:\31day\web\Application\Home\Controller\IndexController.class.php 第 7 行.
NOTIC: [8] Undefined index: act D:\31day\web\Application\Home\Controller\IndexController.class.php 第 8 行.
NOTIC: [8] Undefined index: client_id D:\31day\web\Application\Home\Controller\IndexController.class.php 第 9 行.
NOTIC: [8] Undefined index: api_token D:\31day\web\Application\Home\Controller\IndexController.class.php 第 10 行.
SQL: SHOW COLUMNS FROM `pre_user` [ RunTime:0.024001s ]
SQL: SELECT `id`,`cid`,`groupid`,`username`,`nickname`,`cellphone`,`work` FROM `pre_user` WHERE ( id=1 and statu = 10  ) LIMIT 1   [ RunTime:0.012001s ]
ERR: 1054:Unknown column 'statu' in 'where clause'
 [ SQL语句 ] : SELECT `id`,`cid`,`groupid`,`username`,`nickname`,`cellphone`,`work` FROM `pre_user` WHERE ( id=1 and statu = 10  ) LIMIT 1  
INFO: [ app_end ] --START--
INFO: Run Behavior\ShowPageTraceBehavior [ RunTime:0.001000s ]
INFO: [ app_end ] --END-- [ RunTime:0.001000s ]

[ 2016-07-06T15:55:48+08:00 ] 127.0.0.1 /
INFO: [ app_init ] --START--
INFO: Run Behavior\BuildLiteBehavior [ RunTime:0.000000s ]
INFO: [ app_init ] --END-- [ RunTime:0.001000s ]
INFO: [ app_begin ] --START--
INFO: Run Behavior\ReadHtmlCacheBehavior [ RunTime:0.002001s ]
INFO: [ app_begin ] --END-- [ RunTime:0.002001s ]
NOTIC: [8] Undefined index: mod D:\31day\web\Application\Home\Controller\IndexController.class.php 第 6 行.
NOTIC: [8] Undefined index: ctr D:\31day\web\Application\Home\Controller\IndexController.class.php 第 7 行.
NOTIC: [8] Undefined index: act D:\31day\web\Application\Home\Controller\IndexController.class.php 第 8 行.
NOTIC: [8] Undefined index: client_id D:\31day\web\Application\Home\Controller\IndexController.class.php 第 9 行.
NOTIC: [8] Undefined index: api_token D:\31day\web\Application\Home\Controller\IndexController.class.php 第 10 行.
SQL: SHOW COLUMNS FROM `pre_user` [ RunTime:0.014001s ]
SQL: SELECT `id`,`cid`,`groupid`,`username`,`nickname`,`cellphone`,`work` FROM `pre_user` WHERE ( id=1 and statu = 10  ) LIMIT 1   [ RunTime:0.013001s ]
ERR: 1054:Unknown column 'statu' in 'where clause'
 [ SQL语句 ] : SELECT `id`,`cid`,`groupid`,`username`,`nickname`,`cellphone`,`work` FROM `pre_user` WHERE ( id=1 and statu = 10  ) LIMIT 1  
INFO: [ app_end ] --START--
INFO: Run Behavior\ShowPageTraceBehavior [ RunTime:0.001000s ]
INFO: [ app_end ] --END-- [ RunTime:0.001000s ]

[ 2016-07-06T15:57:08+08:00 ] 127.0.0.1 /
INFO: [ app_init ] --START--
INFO: Run Behavior\BuildLiteBehavior [ RunTime:0.000000s ]
INFO: [ app_init ] --END-- [ RunTime:0.001000s ]
INFO: [ app_begin ] --START--
INFO: Run Behavior\ReadHtmlCacheBehavior [ RunTime:0.001000s ]
INFO: [ app_begin ] --END-- [ RunTime:0.001000s ]
NOTIC: [8] Undefined index: mod D:\31day\web\Application\Home\Controller\IndexController.class.php 第 6 行.
NOTIC: [8] Undefined index: ctr D:\31day\web\Application\Home\Controller\IndexController.class.php 第 7 行.
NOTIC: [8] Undefined index: act D:\31day\web\Application\Home\Controller\IndexController.class.php 第 8 行.
NOTIC: [8] Undefined index: client_id D:\31day\web\Application\Home\Controller\IndexController.class.php 第 9 行.
NOTIC: [8] Undefined index: api_token D:\31day\web\Application\Home\Controller\IndexController.class.php 第 10 行.
SQL: SHOW COLUMNS FROM `pre_user` [ RunTime:0.012000s ]
SQL: SELECT `id`,`cid`,`groupid`,`username`,`nickname`,`cellphone`,`work` FROM `pre_user` WHERE ( id=1 and statu = 10  ) LIMIT 1   [ RunTime:0.011001s ]
ERR: 1054:Unknown column 'statu' in 'where clause'
 [ SQL语句 ] : SELECT `id`,`cid`,`groupid`,`username`,`nickname`,`cellphone`,`work` FROM `pre_user` WHERE ( id=1 and statu = 10  ) LIMIT 1  
INFO: [ app_end ] --START--
INFO: Run Behavior\ShowPageTraceBehavior [ RunTime:0.001000s ]
INFO: [ app_end ] --END-- [ RunTime:0.001000s ]

[ 2016-07-06T15:57:09+08:00 ] 127.0.0.1 /
INFO: [ app_init ] --START--
INFO: Run Behavior\BuildLiteBehavior [ RunTime:0.000000s ]
INFO: [ app_init ] --END-- [ RunTime:0.000000s ]
INFO: [ app_begin ] --START--
INFO: Run Behavior\ReadHtmlCacheBehavior [ RunTime:0.000000s ]
INFO: [ app_begin ] --END-- [ RunTime:0.000000s ]
NOTIC: [8] Undefined index: mod D:\31day\web\Application\Home\Controller\IndexController.class.php 第 6 行.
NOTIC: [8] Undefined index: ctr D:\31day\web\Application\Home\Controller\IndexController.class.php 第 7 行.
NOTIC: [8] Undefined index: act D:\31day\web\Application\Home\Controller\IndexController.class.php 第 8 行.
NOTIC: [8] Undefined index: client_id D:\31day\web\Application\Home\Controller\IndexController.class.php 第 9 行.
NOTIC: [8] Undefined index: api_token D:\31day\web\Application\Home\Controller\IndexController.class.php 第 10 行.
SQL: SHOW COLUMNS FROM `pre_user` [ RunTime:0.013001s ]
SQL: SELECT `id`,`cid`,`groupid`,`username`,`nickname`,`cellphone`,`work` FROM `pre_user` WHERE ( id=1 and statu = 10  ) LIMIT 1   [ RunTime:0.012001s ]
ERR: 1054:Unknown column 'statu' in 'where clause'
 [ SQL语句 ] : SELECT `id`,`cid`,`groupid`,`username`,`nickname`,`cellphone`,`work` FROM `pre_user` WHERE ( id=1 and statu = 10  ) LIMIT 1  
INFO: [ app_end ] --START--
INFO: Run Behavior\ShowPageTraceBehavior [ RunTime:0.001000s ]
INFO: [ app_end ] --END-- [ RunTime:0.001000s ]

[ 2016-07-06T15:57:10+08:00 ] 127.0.0.1 /
INFO: [ app_init ] --START--
INFO: Run Behavior\BuildLiteBehavior [ RunTime:0.000000s ]
INFO: [ app_init ] --END-- [ RunTime:0.001000s ]
INFO: [ app_begin ] --START--
INFO: Run Behavior\ReadHtmlCacheBehavior [ RunTime:0.000000s ]
INFO: [ app_begin ] --END-- [ RunTime:0.000000s ]
NOTIC: [8] Undefined index: mod D:\31day\web\Application\Home\Controller\IndexController.class.php 第 6 行.
NOTIC: [8] Undefined index: ctr D:\31day\web\Application\Home\Controller\IndexController.class.php 第 7 行.
NOTIC: [8] Undefined index: act D:\31day\web\Application\Home\Controller\IndexController.class.php 第 8 行.
NOTIC: [8] Undefined index: client_id D:\31day\web\Application\Home\Controller\IndexController.class.php 第 9 行.
NOTIC: [8] Undefined index: api_token D:\31day\web\Application\Home\Controller\IndexController.class.php 第 10 行.
SQL: SHOW COLUMNS FROM `pre_user` [ RunTime:0.014000s ]
SQL: SELECT `id`,`cid`,`groupid`,`username`,`nickname`,`cellphone`,`work` FROM `pre_user` WHERE ( id=1 and statu = 10  ) LIMIT 1   [ RunTime:0.019001s ]
ERR: 1054:Unknown column 'statu' in 'where clause'
 [ SQL语句 ] : SELECT `id`,`cid`,`groupid`,`username`,`nickname`,`cellphone`,`work` FROM `pre_user` WHERE ( id=1 and statu = 10  ) LIMIT 1  
INFO: [ app_end ] --START--
INFO: Run Behavior\ShowPageTraceBehavior [ RunTime:0.001000s ]
INFO: [ app_end ] --END-- [ RunTime:0.001000s ]

[ 2016-07-06T15:57:10+08:00 ] 127.0.0.1 /
INFO: [ app_init ] --START--
INFO: Run Behavior\BuildLiteBehavior [ RunTime:0.000000s ]
INFO: [ app_init ] --END-- [ RunTime:0.000000s ]
INFO: [ app_begin ] --START--
INFO: Run Behavior\ReadHtmlCacheBehavior [ RunTime:0.000000s ]
INFO: [ app_begin ] --END-- [ RunTime:0.000000s ]
NOTIC: [8] Undefined index: mod D:\31day\web\Application\Home\Controller\IndexController.class.php 第 6 行.
NOTIC: [8] Undefined index: ctr D:\31day\web\Application\Home\Controller\IndexController.class.php 第 7 行.
NOTIC: [8] Undefined index: act D:\31day\web\Application\Home\Controller\IndexController.class.php 第 8 行.
NOTIC: [8] Undefined index: client_id D:\31day\web\Application\Home\Controller\IndexController.class.php 第 9 行.
NOTIC: [8] Undefined index: api_token D:\31day\web\Application\Home\Controller\IndexController.class.php 第 10 行.
SQL: SHOW COLUMNS FROM `pre_user` [ RunTime:0.013001s ]
SQL: SELECT `id`,`cid`,`groupid`,`username`,`nickname`,`cellphone`,`work` FROM `pre_user` WHERE ( id=1 and statu = 10  ) LIMIT 1   [ RunTime:0.013001s ]
ERR: 1054:Unknown column 'statu' in 'where clause'
 [ SQL语句 ] : SELECT `id`,`cid`,`groupid`,`username`,`nickname`,`cellphone`,`work` FROM `pre_user` WHERE ( id=1 and statu = 10  ) LIMIT 1  
INFO: [ app_end ] --START--
INFO: Run Behavior\ShowPageTraceBehavior [ RunTime:0.000000s ]
INFO: [ app_end ] --END-- [ RunTime:0.000000s ]

[ 2016-07-06T15:57:11+08:00 ] 127.0.0.1 /
INFO: [ app_init ] --START--
INFO: Run Behavior\BuildLiteBehavior [ RunTime:0.000000s ]
INFO: [ app_init ] --END-- [ RunTime:0.000000s ]
INFO: [ app_begin ] --START--
INFO: Run Behavior\ReadHtmlCacheBehavior [ RunTime:0.001001s ]
INFO: [ app_begin ] --END-- [ RunTime:0.001001s ]
NOTIC: [8] Undefined index: mod D:\31day\web\Application\Home\Controller\IndexController.class.php 第 6 行.
NOTIC: [8] Undefined index: ctr D:\31day\web\Application\Home\Controller\IndexController.class.php 第 7 行.
NOTIC: [8] Undefined index: act D:\31day\web\Application\Home\Controller\IndexController.class.php 第 8 行.
NOTIC: [8] Undefined index: client_id D:\31day\web\Application\Home\Controller\IndexController.class.php 第 9 行.
NOTIC: [8] Undefined index: api_token D:\31day\web\Application\Home\Controller\IndexController.class.php 第 10 行.
SQL: SHOW COLUMNS FROM `pre_user` [ RunTime:0.016001s ]
SQL: SELECT `id`,`cid`,`groupid`,`username`,`nickname`,`cellphone`,`work` FROM `pre_user` WHERE ( id=1 and statu = 10  ) LIMIT 1   [ RunTime:0.015001s ]
ERR: 1054:Unknown column 'statu' in 'where clause'
 [ SQL语句 ] : SELECT `id`,`cid`,`groupid`,`username`,`nickname`,`cellphone`,`work` FROM `pre_user` WHERE ( id=1 and statu = 10  ) LIMIT 1  
INFO: [ app_end ] --START--
INFO: Run Behavior\ShowPageTraceBehavior [ RunTime:0.001000s ]
INFO: [ app_end ] --END-- [ RunTime:0.001000s ]

[ 2016-07-06T15:57:48+08:00 ] 127.0.0.1 /
INFO: [ app_init ] --START--
INFO: Run Behavior\BuildLiteBehavior [ RunTime:0.000000s ]
INFO: [ app_init ] --END-- [ RunTime:0.000000s ]
INFO: [ app_begin ] --START--
INFO: Run Behavior\ReadHtmlCacheBehavior [ RunTime:0.001000s ]
INFO: [ app_begin ] --END-- [ RunTime:0.001000s ]
NOTIC: [8] Undefined index: mod D:\31day\web\Application\Home\Controller\IndexController.class.php 第 6 行.
NOTIC: [8] Undefined index: ctr D:\31day\web\Application\Home\Controller\IndexController.class.php 第 7 行.
NOTIC: [8] Undefined index: act D:\31day\web\Application\Home\Controller\IndexController.class.php 第 8 行.
NOTIC: [8] Undefined index: client_id D:\31day\web\Application\Home\Controller\IndexController.class.php 第 9 行.
NOTIC: [8] Undefined index: api_token D:\31day\web\Application\Home\Controller\IndexController.class.php 第 10 行.
SQL: SHOW COLUMNS FROM `pre_user` [ RunTime:0.013001s ]
SQL: SELECT `id`,`cid`,`groupid`,`username`,`nickname`,`cellphone`,`work` FROM `pre_user` WHERE ( id=1 and status = 10  ) LIMIT 1   [ RunTime:0.012000s ]
INFO: [ app_end ] --START--
INFO: Run Behavior\ShowPageTraceBehavior [ RunTime:0.001000s ]
INFO: [ app_end ] --END-- [ RunTime:0.001000s ]

[ 2016-07-06T15:59:10+08:00 ] 127.0.0.1 /
INFO: [ app_init ] --START--
INFO: Run Behavior\BuildLiteBehavior [ RunTime:0.000000s ]
INFO: [ app_init ] --END-- [ RunTime:0.001000s ]
INFO: [ app_begin ] --START--
INFO: Run Behavior\ReadHtmlCacheBehavior [ RunTime:0.001000s ]
INFO: [ app_begin ] --END-- [ RunTime:0.001000s ]
NOTIC: [8] Undefined index: mod D:\31day\web\Application\Home\Controller\IndexController.class.php 第 6 行.
NOTIC: [8] Undefined index: ctr D:\31day\web\Application\Home\Controller\IndexController.class.php 第 7 行.
NOTIC: [8] Undefined index: act D:\31day\web\Application\Home\Controller\IndexController.class.php 第 8 行.
NOTIC: [8] Undefined index: client_id D:\31day\web\Application\Home\Controller\IndexController.class.php 第 9 行.
NOTIC: [8] Undefined index: api_token D:\31day\web\Application\Home\Controller\IndexController.class.php 第 10 行.
SQL: SHOW COLUMNS FROM `pre_user` [ RunTime:0.014001s ]
SQL: SELECT `id`,`cid`,`groupid`,`username`,`nickname`,`cellphone`,`work` FROM `pre_user` WHERE ( id=1 and status = 10  ) LIMIT 1   [ RunTime:0.013000s ]

[ 2016-07-06T16:03:04+08:00 ] 127.0.0.1 /
INFO: [ app_init ] --START--
INFO: Run Behavior\BuildLiteBehavior [ RunTime:0.000000s ]
INFO: [ app_init ] --END-- [ RunTime:0.000000s ]
INFO: [ app_begin ] --START--
INFO: Run Behavior\ReadHtmlCacheBehavior [ RunTime:0.001000s ]
INFO: [ app_begin ] --END-- [ RunTime:0.001000s ]
NOTIC: [8] Undefined index: mod D:\31day\web\Application\Home\Controller\IndexController.class.php 第 6 行.
NOTIC: [8] Undefined index: ctr D:\31day\web\Application\Home\Controller\IndexController.class.php 第 7 行.
NOTIC: [8] Undefined index: act D:\31day\web\Application\Home\Controller\IndexController.class.php 第 8 行.
NOTIC: [8] Undefined index: client_id D:\31day\web\Application\Home\Controller\IndexController.class.php 第 9 行.
NOTIC: [8] Undefined index: api_token D:\31day\web\Application\Home\Controller\IndexController.class.php 第 10 行.
SQL: SHOW COLUMNS FROM `pre_user` [ RunTime:0.016001s ]
SQL: SELECT `id`,`cid`,`groupid`,`username`,`nickname`,`cellphone`,`work` FROM `pre_user` WHERE ( id=1 and status = 10  ) LIMIT 1   [ RunTime:0.015001s ]
INFO: [ app_end ] --START--
INFO: Run Behavior\ShowPageTraceBehavior [ RunTime:0.001000s ]
INFO: [ app_end ] --END-- [ RunTime:0.001000s ]

[ 2016-07-06T16:06:40+08:00 ] 127.0.0.1 /
INFO: [ app_init ] --START--
INFO: Run Behavior\BuildLiteBehavior [ RunTime:0.000000s ]
INFO: [ app_init ] --END-- [ RunTime:0.001000s ]
INFO: [ app_begin ] --START--
INFO: Run Behavior\ReadHtmlCacheBehavior [ RunTime:0.001000s ]
INFO: [ app_begin ] --END-- [ RunTime:0.001000s ]
INFO: [ app_end ] --START--
INFO: Run Behavior\ShowPageTraceBehavior [ RunTime:0.001000s ]
INFO: [ app_end ] --END-- [ RunTime:0.001000s ]

[ 2016-07-06T16:06:40+08:00 ] 127.0.0.1 /
INFO: [ app_init ] --START--
INFO: Run Behavior\BuildLiteBehavior [ RunTime:0.000000s ]
INFO: [ app_init ] --END-- [ RunTime:0.000000s ]
INFO: [ app_begin ] --START--
INFO: Run Behavior\ReadHtmlCacheBehavior [ RunTime:0.001000s ]
INFO: [ app_begin ] --END-- [ RunTime:0.001000s ]
INFO: [ app_end ] --START--
INFO: Run Behavior\ShowPageTraceBehavior [ RunTime:0.001000s ]
INFO: [ app_end ] --END-- [ RunTime:0.001000s ]

[ 2016-07-06T16:06:41+08:00 ] 127.0.0.1 /
INFO: [ app_init ] --START--
INFO: Run Behavior\BuildLiteBehavior [ RunTime:0.000000s ]
INFO: [ app_init ] --END-- [ RunTime:0.001000s ]
INFO: [ app_begin ] --START--
INFO: Run Behavior\ReadHtmlCacheBehavior [ RunTime:0.000000s ]
INFO: [ app_begin ] --END-- [ RunTime:0.000000s ]
INFO: [ app_end ] --START--
INFO: Run Behavior\ShowPageTraceBehavior [ RunTime:0.001000s ]
INFO: [ app_end ] --END-- [ RunTime:0.001000s ]

[ 2016-07-06T16:06:42+08:00 ] 127.0.0.1 /
INFO: [ app_init ] --START--
INFO: Run Behavior\BuildLiteBehavior [ RunTime:0.000000s ]
INFO: [ app_init ] --END-- [ RunTime:0.001001s ]
INFO: [ app_begin ] --START--
INFO: Run Behavior\ReadHtmlCacheBehavior [ RunTime:0.001000s ]
INFO: [ app_begin ] --END-- [ RunTime:0.001000s ]
INFO: [ app_end ] --START--
INFO: Run Behavior\ShowPageTraceBehavior [ RunTime:0.001000s ]
INFO: [ app_end ] --END-- [ RunTime:0.001000s ]

[ 2016-07-06T16:10:43+08:00 ] 127.0.0.1 /
INFO: [ app_init ] --START--
INFO: Run Behavior\BuildLiteBehavior [ RunTime:0.000000s ]
INFO: [ app_init ] --END-- [ RunTime:0.000000s ]
INFO: [ app_begin ] --START--
INFO: Run Behavior\ReadHtmlCacheBehavior [ RunTime:0.001000s ]
INFO: [ app_begin ] --END-- [ RunTime:0.001000s ]
INFO: [ app_end ] --START--
INFO: Run Behavior\ShowPageTraceBehavior [ RunTime:0.000000s ]
INFO: [ app_end ] --END-- [ RunTime:0.001000s ]

[ 2016-07-06T16:10:44+08:00 ] 127.0.0.1 /
INFO: [ app_init ] --START--
INFO: Run Behavior\BuildLiteBehavior [ RunTime:0.000000s ]
INFO: [ app_init ] --END-- [ RunTime:0.000000s ]
INFO: [ app_begin ] --START--
INFO: Run Behavior\ReadHtmlCacheBehavior [ RunTime:0.000000s ]
INFO: [ app_begin ] --END-- [ RunTime:0.000000s ]
INFO: [ app_end ] --START--
INFO: Run Behavior\ShowPageTraceBehavior [ RunTime:0.001000s ]
INFO: [ app_end ] --END-- [ RunTime:0.001000s ]

[ 2016-07-06T16:11:05+08:00 ] 127.0.0.1 /
INFO: [ app_init ] --START--
INFO: Run Behavior\BuildLiteBehavior [ RunTime:0.000000s ]
INFO: [ app_init ] --END-- [ RunTime:0.001000s ]
INFO: [ app_begin ] --START--
INFO: Run Behavior\ReadHtmlCacheBehavior [ RunTime:0.001000s ]
INFO: [ app_begin ] --END-- [ RunTime:0.001000s ]
INFO: [ app_end ] --START--
INFO: Run Behavior\ShowPageTraceBehavior [ RunTime:0.000000s ]
INFO: [ app_end ] --END-- [ RunTime:0.000000s ]

[ 2016-07-06T16:11:06+08:00 ] 127.0.0.1 /
INFO: [ app_init ] --START--
INFO: Run Behavior\BuildLiteBehavior [ RunTime:0.000000s ]
INFO: [ app_init ] --END-- [ RunTime:0.000000s ]
INFO: [ app_begin ] --START--
INFO: Run Behavior\ReadHtmlCacheBehavior [ RunTime:0.001000s ]
INFO: [ app_begin ] --END-- [ RunTime:0.001000s ]
INFO: [ app_end ] --START--
INFO: Run Behavior\ShowPageTraceBehavior [ RunTime:0.001000s ]
INFO: [ app_end ] --END-- [ RunTime:0.001000s ]

[ 2016-07-06T16:11:06+08:00 ] 127.0.0.1 /
INFO: [ app_init ] --START--
INFO: Run Behavior\BuildLiteBehavior [ RunTime:0.000000s ]
INFO: [ app_init ] --END-- [ RunTime:0.001000s ]
INFO: [ app_begin ] --START--
INFO: Run Behavior\ReadHtmlCacheBehavior [ RunTime:0.001000s ]
INFO: [ app_begin ] --END-- [ RunTime:0.001000s ]
INFO: [ app_end ] --START--
INFO: Run Behavior\ShowPageTraceBehavior [ RunTime:0.001000s ]
INFO: [ app_end ] --END-- [ RunTime:0.001000s ]

[ 2016-07-06T16:11:25+08:00 ] 127.0.0.1 /
INFO: [ app_init ] --START--
INFO: Run Behavior\BuildLiteBehavior [ RunTime:0.000000s ]
INFO: [ app_init ] --END-- [ RunTime:0.001000s ]
INFO: [ app_begin ] --START--
INFO: Run Behavior\ReadHtmlCacheBehavior [ RunTime:0.001000s ]
INFO: [ app_begin ] --END-- [ RunTime:0.001000s ]
INFO: [ app_end ] --START--
INFO: Run Behavior\ShowPageTraceBehavior [ RunTime:0.001000s ]
INFO: [ app_end ] --END-- [ RunTime:0.001000s ]

[ 2016-07-06T16:11:26+08:00 ] 127.0.0.1 /
INFO: [ app_init ] --START--
INFO: Run Behavior\BuildLiteBehavior [ RunTime:0.000000s ]
INFO: [ app_init ] --END-- [ RunTime:0.001000s ]
INFO: [ app_begin ] --START--
INFO: Run Behavior\ReadHtmlCacheBehavior [ RunTime:0.001000s ]
INFO: [ app_begin ] --END-- [ RunTime:0.001000s ]
INFO: [ app_end ] --START--
INFO: Run Behavior\ShowPageTraceBehavior [ RunTime:0.001000s ]
INFO: [ app_end ] --END-- [ RunTime:0.001000s ]

[ 2016-07-06T16:11:52+08:00 ] 127.0.0.1 /
INFO: [ app_init ] --START--
INFO: Run Behavior\BuildLiteBehavior [ RunTime:0.000000s ]
INFO: [ app_init ] --END-- [ RunTime:0.001000s ]
INFO: [ app_begin ] --START--
INFO: Run Behavior\ReadHtmlCacheBehavior [ RunTime:0.001000s ]
INFO: [ app_begin ] --END-- [ RunTime:0.001000s ]
INFO: [ app_end ] --START--
INFO: Run Behavior\ShowPageTraceBehavior [ RunTime:0.001000s ]
INFO: [ app_end ] --END-- [ RunTime:0.001000s ]

[ 2016-07-06T16:12:21+08:00 ] 127.0.0.1 /
INFO: [ app_init ] --START--
INFO: Run Behavior\BuildLiteBehavior [ RunTime:0.000000s ]
INFO: [ app_init ] --END-- [ RunTime:0.000000s ]
INFO: [ app_begin ] --START--
INFO: Run Behavior\ReadHtmlCacheBehavior [ RunTime:0.000000s ]
INFO: [ app_begin ] --END-- [ RunTime:0.000000s ]
INFO: [ app_end ] --START--
INFO: Run Behavior\ShowPageTraceBehavior [ RunTime:0.001000s ]
INFO: [ app_end ] --END-- [ RunTime:0.001000s ]

[ 2016-07-06T16:12:22+08:00 ] 127.0.0.1 /
INFO: [ app_init ] --START--
INFO: Run Behavior\BuildLiteBehavior [ RunTime:0.000000s ]
INFO: [ app_init ] --END-- [ RunTime:0.001000s ]
INFO: [ app_begin ] --START--
INFO: Run Behavior\ReadHtmlCacheBehavior [ RunTime:0.000000s ]
INFO: [ app_begin ] --END-- [ RunTime:0.000000s ]
INFO: [ app_end ] --START--
INFO: Run Behavior\ShowPageTraceBehavior [ RunTime:0.001000s ]
INFO: [ app_end ] --END-- [ RunTime:0.001000s ]

[ 2016-07-06T16:12:23+08:00 ] 127.0.0.1 /
INFO: [ app_init ] --START--
INFO: Run Behavior\BuildLiteBehavior [ RunTime:0.000000s ]
INFO: [ app_init ] --END-- [ RunTime:0.001000s ]
INFO: [ app_begin ] --START--
INFO: Run Behavior\ReadHtmlCacheBehavior [ RunTime:0.001000s ]
INFO: [ app_begin ] --END-- [ RunTime:0.001000s ]
INFO: [ app_end ] --START--
INFO: Run Behavior\ShowPageTraceBehavior [ RunTime:0.001000s ]
INFO: [ app_end ] --END-- [ RunTime:0.001000s ]

[ 2016-07-06T16:12:55+08:00 ] 127.0.0.1 /
INFO: [ app_init ] --START--
INFO: Run Behavior\BuildLiteBehavior [ RunTime:0.000000s ]
INFO: [ app_init ] --END-- [ RunTime:0.000000s ]
INFO: [ app_begin ] --START--
INFO: Run Behavior\ReadHtmlCacheBehavior [ RunTime:0.001000s ]
INFO: [ app_begin ] --END-- [ RunTime:0.001000s ]
NOTIC: [8] Undefined index: mod D:\31day\web\Application\Home\Controller\IndexController.class.php 第 12 行.
NOTIC: [8] Undefined index: ctr D:\31day\web\Application\Home\Controller\IndexController.class.php 第 13 行.
NOTIC: [8] Undefined index: act D:\31day\web\Application\Home\Controller\IndexController.class.php 第 14 行.
NOTIC: [8] Undefined index: client_id D:\31day\web\Application\Home\Controller\IndexController.class.php 第 15 行.
NOTIC: [8] Undefined index: api_token D:\31day\web\Application\Home\Controller\IndexController.class.php 第 16 行.
SQL: SHOW COLUMNS FROM `pre_user` [ RunTime:0.015000s ]
SQL: SELECT `id`,`cid`,`groupid`,`username`,`nickname`,`cellphone`,`work` FROM `pre_user` WHERE ( id=1 and status = 10  ) LIMIT 1   [ RunTime:0.015001s ]
INFO: [ app_end ] --START--
INFO: Run Behavior\ShowPageTraceBehavior [ RunTime:0.001000s ]
INFO: [ app_end ] --END-- [ RunTime:0.001000s ]

[ 2016-07-06T16:50:04+08:00 ] 127.0.0.1 /index.php/Home/Index/index
INFO: [ app_init ] --START--
INFO: Run Behavior\BuildLiteBehavior [ RunTime:0.000000s ]
INFO: [ app_init ] --END-- [ RunTime:0.001000s ]
INFO: [ app_begin ] --START--
INFO: Run Behavior\ReadHtmlCacheBehavior [ RunTime:0.000000s ]
INFO: [ app_begin ] --END-- [ RunTime:0.000000s ]
NOTIC: [8] Undefined index: client_id D:\31day\web\Application\Home\Controller\IndexController.class.php 第 15 行.
NOTIC: [8] Undefined index: api_token D:\31day\web\Application\Home\Controller\IndexController.class.php 第 16 行.
SQL: SHOW COLUMNS FROM `pre_user` [ RunTime:0.017001s ]
SQL: SELECT `id`,`cid`,`groupid`,`username`,`nickname`,`cellphone`,`work` FROM `pre_user` WHERE ( id=1 and status = 10  ) LIMIT 1   [ RunTime:0.016001s ]
INFO: [ app_end ] --START--
INFO: Run Behavior\ShowPageTraceBehavior [ RunTime:0.001000s ]
INFO: [ app_end ] --END-- [ RunTime:0.001000s ]

[ 2016-07-06T17:45:53+08:00 ] 127.0.0.1 /
INFO: [ app_init ] --START--
INFO: Run Behavior\BuildLiteBehavior [ RunTime:0.000000s ]
INFO: [ app_init ] --END-- [ RunTime:0.001000s ]
INFO: [ app_begin ] --START--
INFO: Run Behavior\ReadHtmlCacheBehavior [ RunTime:0.001000s ]
INFO: [ app_begin ] --END-- [ RunTime:0.001000s ]
NOTIC: [8] Undefined index: client_id D:\31day\web\Application\Home\Controller\IndexController.class.php 第 8 行.
NOTIC: [8] Undefined index: api_token D:\31day\web\Application\Home\Controller\IndexController.class.php 第 9 行.
NOTIC: [8] Undefined index: user_token D:\31day\web\Application\Home\Controller\IndexController.class.php 第 10 行.
NOTIC: [8] Undefined index: mod D:\31day\web\Application\Home\Controller\IndexController.class.php 第 16 行.
NOTIC: [8] Undefined index: ctr D:\31day\web\Application\Home\Controller\IndexController.class.php 第 17 行.
NOTIC: [8] Undefined index: act D:\31day\web\Application\Home\Controller\IndexController.class.php 第 18 行.
SQL: SHOW COLUMNS FROM `pre_user` [ RunTime:0.013001s ]
SQL: SELECT `id`,`cid`,`groupid`,`username`,`nickname`,`cellphone`,`work` FROM `pre_user` WHERE ( id=1 and status = 10  ) LIMIT 1   [ RunTime:0.012001s ]

[ 2016-07-06T17:46:10+08:00 ] 127.0.0.1 /
INFO: [ app_init ] --START--
INFO: Run Behavior\BuildLiteBehavior [ RunTime:0.000000s ]
INFO: [ app_init ] --END-- [ RunTime:0.001000s ]
INFO: [ app_begin ] --START--
INFO: Run Behavior\ReadHtmlCacheBehavior [ RunTime:0.000000s ]
INFO: [ app_begin ] --END-- [ RunTime:0.001000s ]
NOTIC: [8] Undefined index: client_id D:\31day\web\Application\Home\Controller\IndexController.class.php 第 8 行.
NOTIC: [8] Undefined index: api_token D:\31day\web\Application\Home\Controller\IndexController.class.php 第 9 行.
NOTIC: [8] Undefined index: user_token D:\31day\web\Application\Home\Controller\IndexController.class.php 第 10 行.
NOTIC: [8] Undefined index: mod D:\31day\web\Application\Home\Controller\IndexController.class.php 第 16 行.
NOTIC: [8] Undefined index: ctr D:\31day\web\Application\Home\Controller\IndexController.class.php 第 17 行.
NOTIC: [8] Undefined index: act D:\31day\web\Application\Home\Controller\IndexController.class.php 第 18 行.
SQL: SHOW COLUMNS FROM `pre_user` [ RunTime:0.013000s ]
SQL: SELECT `id`,`cid`,`groupid`,`username`,`nickname`,`cellphone`,`work` FROM `pre_user` WHERE ( id=1 and status = 10  ) LIMIT 1   [ RunTime:0.012001s ]

[ 2016-07-06T18:05:22+08:00 ] 127.0.0.1 /index.php/Home/Index/index/api_token/12/user_token/23
INFO: [ app_init ] --START--
INFO: Run Behavior\BuildLiteBehavior [ RunTime:0.000000s ]
INFO: [ app_init ] --END-- [ RunTime:0.001000s ]
INFO: [ app_begin ] --START--
INFO: Run Behavior\ReadHtmlCacheBehavior [ RunTime:0.001000s ]
INFO: [ app_begin ] --END-- [ RunTime:0.001000s ]
NOTIC: [8] Undefined index: client_id D:\31day\web\Application\Home\Controller\IndexController.class.php 第 8 行.
NOTIC: [2] explode() expects parameter 2 to be string, array given D:\31day\web\Application\Common\Common\function.php 第 66 行.
NOTIC: [2] Invalid argument supplied for foreach() D:\31day\web\Application\Common\Common\function.php 第 67 行.
NOTIC: [8] Undefined index: mod D:\31day\web\Application\Home\Controller\IndexController.class.php 第 16 行.
NOTIC: [8] Undefined index: ctr D:\31day\web\Application\Home\Controller\IndexController.class.php 第 17 行.
NOTIC: [8] Undefined index: act D:\31day\web\Application\Home\Controller\IndexController.class.php 第 18 行.
SQL: SHOW COLUMNS FROM `pre_user` [ RunTime:0.017001s ]
SQL: SELECT `id`,`cid`,`groupid`,`username`,`nickname`,`cellphone`,`work` FROM `pre_user` WHERE ( id=1 and status = 10  ) LIMIT 1   [ RunTime:0.016001s ]

[ 2016-07-06T18:05:32+08:00 ] 127.0.0.1 /index.php/Home/Index/index/
INFO: [ app_init ] --START--
INFO: Run Behavior\BuildLiteBehavior [ RunTime:0.000000s ]
INFO: [ app_init ] --END-- [ RunTime:0.000000s ]
INFO: [ app_begin ] --START--
INFO: Run Behavior\ReadHtmlCacheBehavior [ RunTime:0.001000s ]
INFO: [ app_begin ] --END-- [ RunTime:0.001000s ]
NOTIC: [8] Undefined index: client_id D:\31day\web\Application\Home\Controller\IndexController.class.php 第 8 行.
NOTIC: [8] Undefined index: api_token D:\31day\web\Application\Home\Controller\IndexController.class.php 第 9 行.
NOTIC: [8] Undefined index: user_token D:\31day\web\Application\Home\Controller\IndexController.class.php 第 10 行.
NOTIC: [8] Undefined index: mod D:\31day\web\Application\Home\Controller\IndexController.class.php 第 16 行.
NOTIC: [8] Undefined index: ctr D:\31day\web\Application\Home\Controller\IndexController.class.php 第 17 行.
NOTIC: [8] Undefined index: act D:\31day\web\Application\Home\Controller\IndexController.class.php 第 18 行.
SQL: SHOW COLUMNS FROM `pre_user` [ RunTime:0.013000s ]
SQL: SELECT `id`,`cid`,`groupid`,`username`,`nickname`,`cellphone`,`work` FROM `pre_user` WHERE ( id=1 and status = 10  ) LIMIT 1   [ RunTime:0.012001s ]

[ 2016-07-06T18:05:35+08:00 ] 127.0.0.1 /index.php/Home/Index/index/
INFO: [ app_init ] --START--
INFO: Run Behavior\BuildLiteBehavior [ RunTime:0.000000s ]
INFO: [ app_init ] --END-- [ RunTime:0.001000s ]
INFO: [ app_begin ] --START--
INFO: Run Behavior\ReadHtmlCacheBehavior [ RunTime:0.001000s ]
INFO: [ app_begin ] --END-- [ RunTime:0.001000s ]
NOTIC: [8] Undefined index: client_id D:\31day\web\Application\Home\Controller\IndexController.class.php 第 8 行.
NOTIC: [8] Undefined index: api_token D:\31day\web\Application\Home\Controller\IndexController.class.php 第 9 行.
NOTIC: [8] Undefined index: user_token D:\31day\web\Application\Home\Controller\IndexController.class.php 第 10 行.
NOTIC: [8] Undefined index: mod D:\31day\web\Application\Home\Controller\IndexController.class.php 第 16 行.
NOTIC: [8] Undefined index: ctr D:\31day\web\Application\Home\Controller\IndexController.class.php 第 17 行.
NOTIC: [8] Undefined index: act D:\31day\web\Application\Home\Controller\IndexController.class.php 第 18 行.
SQL: SHOW COLUMNS FROM `pre_user` [ RunTime:0.017001s ]
SQL: SELECT `id`,`cid`,`groupid`,`username`,`nickname`,`cellphone`,`work` FROM `pre_user` WHERE ( id=1 and status = 10  ) LIMIT 1   [ RunTime:0.016001s ]

[ 2016-07-06T18:07:03+08:00 ] 127.0.0.1 /index.php/Home/Index/index/
INFO: [ app_init ] --START--
INFO: Run Behavior\BuildLiteBehavior [ RunTime:0.000000s ]
INFO: [ app_init ] --END-- [ RunTime:0.001000s ]
INFO: [ app_begin ] --START--
INFO: Run Behavior\ReadHtmlCacheBehavior [ RunTime:0.000000s ]
INFO: [ app_begin ] --END-- [ RunTime:0.000000s ]
NOTIC: [8] Undefined index: client_id D:\31day\web\Application\Home\Controller\IndexController.class.php 第 8 行.
NOTIC: [8] Undefined index: api_token D:\31day\web\Application\Home\Controller\IndexController.class.php 第 9 行.
NOTIC: [8] Undefined index: user_token D:\31day\web\Application\Home\Controller\IndexController.class.php 第 10 行.
NOTIC: [8] Undefined index: mod D:\31day\web\Application\Home\Controller\IndexController.class.php 第 17 行.
NOTIC: [8] Undefined index: ctr D:\31day\web\Application\Home\Controller\IndexController.class.php 第 18 行.
NOTIC: [8] Undefined index: act D:\31day\web\Application\Home\Controller\IndexController.class.php 第 19 行.
SQL: SHOW COLUMNS FROM `pre_user` [ RunTime:0.016001s ]
SQL: SELECT `id`,`cid`,`groupid`,`username`,`nickname`,`cellphone`,`work` FROM `pre_user` WHERE ( id=1 and status = 10  ) LIMIT 1   [ RunTime:0.015001s ]

